{"/mnt/c/Users/upskill252/Downloads/M10projeto-main/server/src/app.js": {"path":"/mnt/c/Users/upskill252/Downloads/M10projeto-main/server/src/app.js","statementMap":{"0":{"start":{"line":1,"column":16},"end":{"line":1,"column":34}},"1":{"start":{"line":2,"column":13},"end":{"line":2,"column":28}},"2":{"start":{"line":3,"column":15},"end":{"line":3,"column":32}},"3":{"start":{"line":4,"column":15},"end":{"line":4,"column":32}},"4":{"start":{"line":5,"column":13},"end":{"line":5,"column":28}},"5":{"start":{"line":6,"column":13},"end":{"line":6,"column":30}},"6":{"start":{"line":7,"column":18},"end":{"line":7,"column":47}},"7":{"start":{"line":9,"column":0},"end":{"line":9,"column":27}},"8":{"start":{"line":11,"column":31},"end":{"line":11,"column":59}},"9":{"start":{"line":12,"column":31},"end":{"line":12,"column":64}},"10":{"start":{"line":14,"column":21},"end":{"line":14,"column":53}},"11":{"start":{"line":15,"column":19},"end":{"line":15,"column":49}},"12":{"start":{"line":16,"column":21},"end":{"line":16,"column":53}},"13":{"start":{"line":17,"column":20},"end":{"line":17,"column":51}},"14":{"start":{"line":18,"column":21},"end":{"line":18,"column":53}},"15":{"start":{"line":19,"column":21},"end":{"line":19,"column":53}},"16":{"start":{"line":21,"column":24},"end":{"line":21,"column":59}},"17":{"start":{"line":22,"column":24},"end":{"line":22,"column":59}},"18":{"start":{"line":24,"column":15},"end":{"line":24,"column":40}},"19":{"start":{"line":25,"column":24},"end":{"line":25,"column":79}},"20":{"start":{"line":27,"column":12},"end":{"line":27,"column":21}},"21":{"start":{"line":30,"column":0},"end":{"line":30,"column":29}},"22":{"start":{"line":33,"column":0},"end":{"line":47,"column":5}},"23":{"start":{"line":35,"column":4},"end":{"line":35,"column":50}},"24":{"start":{"line":37,"column":23},"end":{"line":37,"column":49}},"25":{"start":{"line":38,"column":4},"end":{"line":42,"column":5}},"26":{"start":{"line":39,"column":6},"end":{"line":39,"column":93}},"27":{"start":{"line":41,"column":6},"end":{"line":41,"column":119}},"28":{"start":{"line":45,"column":4},"end":{"line":45,"column":62}},"29":{"start":{"line":46,"column":4},"end":{"line":46,"column":20}},"30":{"start":{"line":50,"column":0},"end":{"line":50,"column":18}},"31":{"start":{"line":51,"column":0},"end":{"line":51,"column":139}},"32":{"start":{"line":52,"column":0},"end":{"line":52,"column":41}},"33":{"start":{"line":53,"column":0},"end":{"line":53,"column":48}},"34":{"start":{"line":54,"column":0},"end":{"line":54,"column":83}},"35":{"start":{"line":54,"column":53},"end":{"line":54,"column":76}},"36":{"start":{"line":57,"column":0},"end":{"line":57,"column":62}},"37":{"start":{"line":60,"column":0},"end":{"line":60,"column":72}},"38":{"start":{"line":63,"column":0},"end":{"line":63,"column":209}},"39":{"start":{"line":63,"column":30},"end":{"line":63,"column":207}},"40":{"start":{"line":65,"column":0},"end":{"line":65,"column":33}},"41":{"start":{"line":66,"column":0},"end":{"line":66,"column":33}},"42":{"start":{"line":67,"column":0},"end":{"line":67,"column":51}},"43":{"start":{"line":68,"column":0},"end":{"line":68,"column":48}},"44":{"start":{"line":71,"column":0},"end":{"line":71,"column":47}},"45":{"start":{"line":74,"column":0},"end":{"line":74,"column":68}},"46":{"start":{"line":77,"column":0},"end":{"line":77,"column":117}},"47":{"start":{"line":77,"column":19},"end":{"line":77,"column":115}},"48":{"start":{"line":78,"column":0},"end":{"line":81,"column":3}},"49":{"start":{"line":79,"column":2},"end":{"line":79,"column":40}},"50":{"start":{"line":80,"column":2},"end":{"line":80,"column":188}},"51":{"start":{"line":83,"column":0},"end":{"line":83,"column":21}}},"fnMap":{"0":{"name":"(anonymous_0)","decl":{"start":{"line":34,"column":8},"end":{"line":34,"column":9}},"loc":{"start":{"line":34,"column":20},"end":{"line":43,"column":3}},"line":34},"1":{"name":"(anonymous_1)","decl":{"start":{"line":44,"column":9},"end":{"line":44,"column":10}},"loc":{"start":{"line":44,"column":18},"end":{"line":47,"column":3}},"line":44},"2":{"name":"(anonymous_2)","decl":{"start":{"line":54,"column":46},"end":{"line":54,"column":47}},"loc":{"start":{"line":54,"column":53},"end":{"line":54,"column":76}},"line":54},"3":{"name":"(anonymous_3)","decl":{"start":{"line":63,"column":16},"end":{"line":63,"column":17}},"loc":{"start":{"line":63,"column":30},"end":{"line":63,"column":207}},"line":63},"4":{"name":"(anonymous_4)","decl":{"start":{"line":77,"column":8},"end":{"line":77,"column":9}},"loc":{"start":{"line":77,"column":19},"end":{"line":77,"column":115}},"line":77},"5":{"name":"(anonymous_5)","decl":{"start":{"line":78,"column":8},"end":{"line":78,"column":9}},"loc":{"start":{"line":78,"column":31},"end":{"line":81,"column":1}},"line":78}},"branchMap":{"0":{"loc":{"start":{"line":38,"column":4},"end":{"line":42,"column":5}},"type":"if","locations":[{"start":{"line":38,"column":4},"end":{"line":42,"column":5}},{"start":{"line":40,"column":11},"end":{"line":42,"column":5}}],"line":38},"1":{"loc":{"start":{"line":41,"column":85},"end":{"line":41,"column":114}},"type":"binary-expr","locations":[{"start":{"line":41,"column":85},"end":{"line":41,"column":109}},{"start":{"line":41,"column":113},"end":{"line":41,"column":114}}],"line":41},"2":{"loc":{"start":{"line":80,"column":13},"end":{"line":80,"column":28}},"type":"binary-expr","locations":[{"start":{"line":80,"column":13},"end":{"line":80,"column":23}},{"start":{"line":80,"column":25},"end":{"line":80,"column":28}}],"line":80},"3":{"loc":{"start":{"line":80,"column":43},"end":{"line":80,"column":76}},"type":"binary-expr","locations":[{"start":{"line":80,"column":43},"end":{"line":80,"column":51}},{"start":{"line":80,"column":53},"end":{"line":80,"column":76}}],"line":80},"4":{"loc":{"start":{"line":80,"column":86},"end":{"line":80,"column":117}},"type":"binary-expr","locations":[{"start":{"line":80,"column":86},"end":{"line":80,"column":97}},{"start":{"line":80,"column":99},"end":{"line":80,"column":117}}],"line":80},"5":{"loc":{"start":{"line":80,"column":123},"end":{"line":80,"column":183}},"type":"binary-expr","locations":[{"start":{"line":80,"column":123},"end":{"line":80,"column":159}},{"start":{"line":80,"column":163},"end":{"line":80,"column":183}}],"line":80}},"s":{"0":1,"1":1,"2":1,"3":1,"4":1,"5":1,"6":1,"7":1,"8":1,"9":1,"10":1,"11":1,"12":1,"13":1,"14":1,"15":1,"16":1,"17":1,"18":1,"19":1,"20":1,"21":1,"22":1,"23":1,"24":1,"25":1,"26":1,"27":0,"28":0,"29":0,"30":1,"31":1,"32":1,"33":1,"34":1,"35":12,"36":1,"37":1,"38":1,"39":0,"40":1,"41":1,"42":1,"43":1,"44":1,"45":1,"46":1,"47":0,"48":1,"49":0,"50":0,"51":1},"f":{"0":1,"1":0,"2":12,"3":0,"4":0,"5":0},"b":{"0":[1,0],"1":[0,0],"2":[0,0],"3":[0,0],"4":[0,0],"5":[0,0]},"_coverageSchema":"1a1c01bbd47fc00a2c39e90264f33305004495a9","hash":"2fe13bb90b1d85f3c3047de1637a487042d8ad64"}
,"/mnt/c/Users/upskill252/Downloads/M10projeto-main/server/src/config/database.js": {"path":"/mnt/c/Users/upskill252/Downloads/M10projeto-main/server/src/config/database.js","statementMap":{"0":{"start":{"line":7,"column":16},"end":{"line":7,"column":44}},"1":{"start":{"line":8,"column":15},"end":{"line":8,"column":32}},"2":{"start":{"line":9,"column":13},"end":{"line":9,"column":28}},"3":{"start":{"line":10,"column":11},"end":{"line":10,"column":30}},"4":{"start":{"line":11,"column":0},"end":{"line":11,"column":27}},"5":{"start":{"line":13,"column":15},"end":{"line":13,"column":97}},"6":{"start":{"line":15,"column":9},"end":{"line":15,"column":13}},"7":{"start":{"line":21,"column":2},"end":{"line":114,"column":3}},"8":{"start":{"line":22,"column":4},"end":{"line":22,"column":45}},"9":{"start":{"line":24,"column":4},"end":{"line":27,"column":7}},"10":{"start":{"line":29,"column":4},"end":{"line":29,"column":49}},"11":{"start":{"line":32,"column":4},"end":{"line":47,"column":7}},"12":{"start":{"line":50,"column":4},"end":{"line":58,"column":7}},"13":{"start":{"line":61,"column":21},"end":{"line":61,"column":61}},"14":{"start":{"line":62,"column":20},"end":{"line":62,"column":62}},"15":{"start":{"line":62,"column":39},"end":{"line":62,"column":61}},"16":{"start":{"line":63,"column":4},"end":{"line":65,"column":5}},"17":{"start":{"line":64,"column":6},"end":{"line":64,"column":86}},"18":{"start":{"line":68,"column":4},"end":{"line":78,"column":7}},"19":{"start":{"line":81,"column":4},"end":{"line":90,"column":7}},"20":{"start":{"line":92,"column":4},"end":{"line":94,"column":7}},"21":{"start":{"line":97,"column":4},"end":{"line":101,"column":7}},"22":{"start":{"line":103,"column":4},"end":{"line":106,"column":7}},"23":{"start":{"line":108,"column":4},"end":{"line":108,"column":60}},"24":{"start":{"line":110,"column":4},"end":{"line":110,"column":14}},"25":{"start":{"line":112,"column":4},"end":{"line":112,"column":60}},"26":{"start":{"line":113,"column":4},"end":{"line":113,"column":16}},"27":{"start":{"line":118,"column":2},"end":{"line":118,"column":89}},"28":{"start":{"line":118,"column":11},"end":{"line":118,"column":89}},"29":{"start":{"line":119,"column":2},"end":{"line":119,"column":12}},"30":{"start":{"line":123,"column":2},"end":{"line":127,"column":3}},"31":{"start":{"line":124,"column":4},"end":{"line":124,"column":21}},"32":{"start":{"line":125,"column":4},"end":{"line":125,"column":14}},"33":{"start":{"line":126,"column":4},"end":{"line":126,"column":46}},"34":{"start":{"line":130,"column":0},"end":{"line":134,"column":2}}},"fnMap":{"0":{"name":"initializeDatabase","decl":{"start":{"line":20,"column":15},"end":{"line":20,"column":33}},"loc":{"start":{"line":20,"column":36},"end":{"line":115,"column":1}},"line":20},"1":{"name":"(anonymous_1)","decl":{"start":{"line":62,"column":34},"end":{"line":62,"column":35}},"loc":{"start":{"line":62,"column":39},"end":{"line":62,"column":61}},"line":62},"2":{"name":"getDatabase","decl":{"start":{"line":117,"column":9},"end":{"line":117,"column":20}},"loc":{"start":{"line":117,"column":23},"end":{"line":120,"column":1}},"line":117},"3":{"name":"closeDatabase","decl":{"start":{"line":122,"column":15},"end":{"line":122,"column":28}},"loc":{"start":{"line":122,"column":31},"end":{"line":128,"column":1}},"line":122}},"branchMap":{"0":{"loc":{"start":{"line":13,"column":49},"end":{"line":13,"column":96}},"type":"binary-expr","locations":[{"start":{"line":13,"column":49},"end":{"line":13,"column":73}},{"start":{"line":13,"column":77},"end":{"line":13,"column":96}}],"line":13},"1":{"loc":{"start":{"line":62,"column":39},"end":{"line":62,"column":61}},"type":"binary-expr","locations":[{"start":{"line":62,"column":39},"end":{"line":62,"column":40}},{"start":{"line":62,"column":44},"end":{"line":62,"column":61}}],"line":62},"2":{"loc":{"start":{"line":63,"column":4},"end":{"line":65,"column":5}},"type":"if","locations":[{"start":{"line":63,"column":4},"end":{"line":65,"column":5}},{"start":{},"end":{}}],"line":63},"3":{"loc":{"start":{"line":118,"column":2},"end":{"line":118,"column":89}},"type":"if","locations":[{"start":{"line":118,"column":2},"end":{"line":118,"column":89}},{"start":{},"end":{}}],"line":118},"4":{"loc":{"start":{"line":123,"column":2},"end":{"line":127,"column":3}},"type":"if","locations":[{"start":{"line":123,"column":2},"end":{"line":127,"column":3}},{"start":{},"end":{}}],"line":123}},"s":{"0":1,"1":1,"2":1,"3":1,"4":1,"5":1,"6":1,"7":2,"8":2,"9":2,"10":2,"11":2,"12":2,"13":2,"14":2,"15":8,"16":2,"17":0,"18":2,"19":2,"20":2,"21":2,"22":2,"23":2,"24":2,"25":0,"26":0,"27":35,"28":0,"29":35,"30":1,"31":1,"32":1,"33":1,"34":1},"f":{"0":2,"1":8,"2":35,"3":1},"b":{"0":[1,0],"1":[8,8],"2":[0,2],"3":[0,35],"4":[1,0]},"_coverageSchema":"1a1c01bbd47fc00a2c39e90264f33305004495a9","hash":"8404830938da6a7ffe1126d69b9694cb790f0112"}
,"/mnt/c/Users/upskill252/Downloads/M10projeto-main/server/src/controllers/authController.js": {"path":"/mnt/c/Users/upskill252/Downloads/M10projeto-main/server/src/controllers/authController.js","statementMap":{"0":{"start":{"line":10,"column":29},"end":{"line":10,"column":57}},"1":{"start":{"line":11,"column":18},"end":{"line":11,"column":48}},"2":{"start":{"line":12,"column":21},"end":{"line":12,"column":54}},"3":{"start":{"line":13,"column":25},"end":{"line":13,"column":66}},"4":{"start":{"line":14,"column":59},"end":{"line":14,"column":87}},"5":{"start":{"line":17,"column":14},"end":{"line":17,"column":44}},"6":{"start":{"line":18,"column":17},"end":{"line":21,"column":20}},"7":{"start":{"line":20,"column":14},"end":{"line":20,"column":36}},"8":{"start":{"line":22,"column":2},"end":{"line":22,"column":32}},"9":{"start":{"line":26,"column":2},"end":{"line":61,"column":3}},"10":{"start":{"line":27,"column":19},"end":{"line":27,"column":40}},"11":{"start":{"line":28,"column":4},"end":{"line":28,"column":83}},"12":{"start":{"line":28,"column":27},"end":{"line":28,"column":83}},"13":{"start":{"line":30,"column":18},"end":{"line":30,"column":67}},"14":{"start":{"line":31,"column":21},"end":{"line":31,"column":52}},"15":{"start":{"line":33,"column":4},"end":{"line":38,"column":5}},"16":{"start":{"line":34,"column":6},"end":{"line":37,"column":9}},"17":{"start":{"line":40,"column":21},"end":{"line":40,"column":58}},"18":{"start":{"line":41,"column":4},"end":{"line":43,"column":5}},"19":{"start":{"line":42,"column":6},"end":{"line":42,"column":89}},"20":{"start":{"line":45,"column":25},"end":{"line":45,"column":53}},"21":{"start":{"line":46,"column":15},"end":{"line":46,"column":66}},"22":{"start":{"line":49,"column":4},"end":{"line":51,"column":5}},"23":{"start":{"line":50,"column":6},"end":{"line":50,"column":59}},"24":{"start":{"line":53,"column":4},"end":{"line":58,"column":7}},"25":{"start":{"line":60,"column":4},"end":{"line":60,"column":21}},"26":{"start":{"line":65,"column":2},"end":{"line":110,"column":3}},"27":{"start":{"line":66,"column":19},"end":{"line":66,"column":40}},"28":{"start":{"line":67,"column":4},"end":{"line":69,"column":5}},"29":{"start":{"line":68,"column":6},"end":{"line":68,"column":62}},"30":{"start":{"line":71,"column":18},"end":{"line":71,"column":67}},"31":{"start":{"line":72,"column":21},"end":{"line":72,"column":52}},"32":{"start":{"line":75,"column":20},"end":{"line":75,"column":57}},"33":{"start":{"line":76,"column":4},"end":{"line":82,"column":5}},"34":{"start":{"line":77,"column":6},"end":{"line":77,"column":53}},"35":{"start":{"line":78,"column":6},"end":{"line":81,"column":9}},"36":{"start":{"line":85,"column":15},"end":{"line":85,"column":68}},"37":{"start":{"line":86,"column":4},"end":{"line":92,"column":5}},"38":{"start":{"line":87,"column":6},"end":{"line":87,"column":73}},"39":{"start":{"line":88,"column":6},"end":{"line":91,"column":9}},"40":{"start":{"line":95,"column":4},"end":{"line":95,"column":71}},"41":{"start":{"line":97,"column":15},"end":{"line":97,"column":48}},"42":{"start":{"line":98,"column":22},"end":{"line":98,"column":55}},"43":{"start":{"line":100,"column":20},"end":{"line":100,"column":83}},"44":{"start":{"line":102,"column":4},"end":{"line":106,"column":7}},"45":{"start":{"line":109,"column":4},"end":{"line":109,"column":21}},"46":{"start":{"line":114,"column":2},"end":{"line":114,"column":43}},"47":{"start":{"line":118,"column":2},"end":{"line":123,"column":3}},"48":{"start":{"line":119,"column":4},"end":{"line":119,"column":53}},"49":{"start":{"line":120,"column":4},"end":{"line":120,"column":47}},"50":{"start":{"line":122,"column":4},"end":{"line":122,"column":21}},"51":{"start":{"line":126,"column":0},"end":{"line":131,"column":2}}},"fnMap":{"0":{"name":"isAdminEmail","decl":{"start":{"line":16,"column":9},"end":{"line":16,"column":21}},"loc":{"start":{"line":16,"column":29},"end":{"line":23,"column":1}},"line":16},"1":{"name":"(anonymous_1)","decl":{"start":{"line":20,"column":9},"end":{"line":20,"column":10}},"loc":{"start":{"line":20,"column":14},"end":{"line":20,"column":36}},"line":20},"2":{"name":"register","decl":{"start":{"line":25,"column":15},"end":{"line":25,"column":23}},"loc":{"start":{"line":25,"column":40},"end":{"line":62,"column":1}},"line":25},"3":{"name":"login","decl":{"start":{"line":64,"column":15},"end":{"line":64,"column":20}},"loc":{"start":{"line":64,"column":37},"end":{"line":111,"column":1}},"line":64},"4":{"name":"me","decl":{"start":{"line":113,"column":15},"end":{"line":113,"column":17}},"loc":{"start":{"line":113,"column":28},"end":{"line":115,"column":1}},"line":113},"5":{"name":"logout","decl":{"start":{"line":117,"column":15},"end":{"line":117,"column":21}},"loc":{"start":{"line":117,"column":38},"end":{"line":124,"column":1}},"line":117}},"branchMap":{"0":{"loc":{"start":{"line":17,"column":14},"end":{"line":17,"column":44}},"type":"binary-expr","locations":[{"start":{"line":17,"column":14},"end":{"line":17,"column":38}},{"start":{"line":17,"column":42},"end":{"line":17,"column":44}}],"line":17},"1":{"loc":{"start":{"line":28,"column":4},"end":{"line":28,"column":83}},"type":"if","locations":[{"start":{"line":28,"column":4},"end":{"line":28,"column":83}},{"start":{},"end":{}}],"line":28},"2":{"loc":{"start":{"line":30,"column":25},"end":{"line":30,"column":45}},"type":"binary-expr","locations":[{"start":{"line":30,"column":25},"end":{"line":30,"column":39}},{"start":{"line":30,"column":43},"end":{"line":30,"column":45}}],"line":30},"3":{"loc":{"start":{"line":31,"column":28},"end":{"line":31,"column":51}},"type":"binary-expr","locations":[{"start":{"line":31,"column":28},"end":{"line":31,"column":45}},{"start":{"line":31,"column":49},"end":{"line":31,"column":51}}],"line":31},"4":{"loc":{"start":{"line":33,"column":4},"end":{"line":38,"column":5}},"type":"if","locations":[{"start":{"line":33,"column":4},"end":{"line":38,"column":5}},{"start":{},"end":{}}],"line":33},"5":{"loc":{"start":{"line":41,"column":4},"end":{"line":43,"column":5}},"type":"if","locations":[{"start":{"line":41,"column":4},"end":{"line":43,"column":5}},{"start":{},"end":{}}],"line":41},"6":{"loc":{"start":{"line":49,"column":4},"end":{"line":51,"column":5}},"type":"if","locations":[{"start":{"line":49,"column":4},"end":{"line":51,"column":5}},{"start":{},"end":{}}],"line":49},"7":{"loc":{"start":{"line":49,"column":8},"end":{"line":49,"column":52}},"type":"binary-expr","locations":[{"start":{"line":49,"column":8},"end":{"line":49,"column":27}},{"start":{"line":49,"column":31},"end":{"line":49,"column":52}}],"line":49},"8":{"loc":{"start":{"line":67,"column":4},"end":{"line":69,"column":5}},"type":"if","locations":[{"start":{"line":67,"column":4},"end":{"line":69,"column":5}},{"start":{},"end":{}}],"line":67},"9":{"loc":{"start":{"line":71,"column":25},"end":{"line":71,"column":45}},"type":"binary-expr","locations":[{"start":{"line":71,"column":25},"end":{"line":71,"column":39}},{"start":{"line":71,"column":43},"end":{"line":71,"column":45}}],"line":71},"10":{"loc":{"start":{"line":72,"column":28},"end":{"line":72,"column":51}},"type":"binary-expr","locations":[{"start":{"line":72,"column":28},"end":{"line":72,"column":45}},{"start":{"line":72,"column":49},"end":{"line":72,"column":51}}],"line":72},"11":{"loc":{"start":{"line":76,"column":4},"end":{"line":82,"column":5}},"type":"if","locations":[{"start":{"line":76,"column":4},"end":{"line":82,"column":5}},{"start":{},"end":{}}],"line":76},"12":{"loc":{"start":{"line":86,"column":4},"end":{"line":92,"column":5}},"type":"if","locations":[{"start":{"line":86,"column":4},"end":{"line":92,"column":5}},{"start":{},"end":{}}],"line":86},"13":{"loc":{"start":{"line":98,"column":22},"end":{"line":98,"column":55}},"type":"binary-expr","locations":[{"start":{"line":98,"column":22},"end":{"line":98,"column":47}},{"start":{"line":98,"column":51},"end":{"line":98,"column":55}}],"line":98}},"s":{"0":1,"1":1,"2":1,"3":1,"4":1,"5":4,"6":4,"7":4,"8":4,"9":4,"10":4,"11":4,"12":0,"13":4,"14":4,"15":4,"16":0,"17":4,"18":4,"19":0,"20":4,"21":4,"22":4,"23":0,"24":4,"25":0,"26":4,"27":4,"28":4,"29":0,"30":4,"31":4,"32":4,"33":4,"34":0,"35":0,"36":4,"37":4,"38":0,"39":0,"40":4,"41":4,"42":4,"43":4,"44":4,"45":0,"46":0,"47":0,"48":0,"49":0,"50":0,"51":1},"f":{"0":4,"1":4,"2":4,"3":4,"4":0,"5":0},"b":{"0":[4,4],"1":[0,4],"2":[4,0],"3":[4,0],"4":[0,4],"5":[0,4],"6":[0,4],"7":[4,0],"8":[0,4],"9":[4,0],"10":[4,0],"11":[0,4],"12":[0,4],"13":[4,4]},"_coverageSchema":"1a1c01bbd47fc00a2c39e90264f33305004495a9","hash":"aff74d09de470322ace5e267f4ff3d5eaec25dcb"}
,"/mnt/c/Users/upskill252/Downloads/M10projeto-main/server/src/controllers/healthController.js": {"path":"/mnt/c/Users/upskill252/Downloads/M10projeto-main/server/src/controllers/healthController.js","statementMap":{"0":{"start":{"line":7,"column":11},"end":{"line":7,"column":24}},"1":{"start":{"line":14,"column":17},"end":{"line":14,"column":33}},"2":{"start":{"line":15,"column":22},"end":{"line":15,"column":43}},"3":{"start":{"line":16,"column":18},"end":{"line":16,"column":30}},"4":{"start":{"line":18,"column":2},"end":{"line":34,"column":5}},"5":{"start":{"line":30,"column":35},"end":{"line":30,"column":50}},"6":{"start":{"line":37,"column":0},"end":{"line":39,"column":2}}},"fnMap":{"0":{"name":"getHealth","decl":{"start":{"line":13,"column":15},"end":{"line":13,"column":24}},"loc":{"start":{"line":13,"column":35},"end":{"line":35,"column":1}},"line":13},"1":{"name":"(anonymous_1)","decl":{"start":{"line":30,"column":27},"end":{"line":30,"column":28}},"loc":{"start":{"line":30,"column":35},"end":{"line":30,"column":50}},"line":30}},"branchMap":{},"s":{"0":1,"1":0,"2":0,"3":0,"4":0,"5":0,"6":1},"f":{"0":0,"1":0},"b":{},"_coverageSchema":"1a1c01bbd47fc00a2c39e90264f33305004495a9","hash":"ef35f55878507f837c135340f1a246daa053ba67"}
,"/mnt/c/Users/upskill252/Downloads/M10projeto-main/server/src/controllers/secretController.js": {"path":"/mnt/c/Users/upskill252/Downloads/M10projeto-main/server/src/controllers/secretController.js","statementMap":{"0":{"start":{"line":1,"column":29},"end":{"line":1,"column":57}},"1":{"start":{"line":2,"column":20},"end":{"line":2,"column":52}},"2":{"start":{"line":9,"column":2},"end":{"line":27,"column":3}},"3":{"start":{"line":10,"column":19},"end":{"line":10,"column":40}},"4":{"start":{"line":11,"column":4},"end":{"line":11,"column":83}},"5":{"start":{"line":11,"column":27},"end":{"line":11,"column":83}},"6":{"start":{"line":13,"column":17},"end":{"line":13,"column":51}},"7":{"start":{"line":14,"column":18},"end":{"line":14,"column":53}},"8":{"start":{"line":15,"column":20},"end":{"line":15,"column":36}},"9":{"start":{"line":17,"column":19},"end":{"line":17,"column":75}},"10":{"start":{"line":18,"column":4},"end":{"line":24,"column":7}},"11":{"start":{"line":26,"column":4},"end":{"line":26,"column":21}},"12":{"start":{"line":36,"column":2},"end":{"line":62,"column":3}},"13":{"start":{"line":37,"column":19},"end":{"line":37,"column":40}},"14":{"start":{"line":38,"column":4},"end":{"line":38,"column":83}},"15":{"start":{"line":38,"column":27},"end":{"line":38,"column":83}},"16":{"start":{"line":40,"column":15},"end":{"line":40,"column":36}},"17":{"start":{"line":41,"column":4},"end":{"line":43,"column":5}},"18":{"start":{"line":42,"column":6},"end":{"line":42,"column":95}},"19":{"start":{"line":45,"column":19},"end":{"line":45,"column":35}},"20":{"start":{"line":46,"column":19},"end":{"line":46,"column":70}},"21":{"start":{"line":49,"column":4},"end":{"line":51,"column":5}},"22":{"start":{"line":50,"column":6},"end":{"line":50,"column":87}},"23":{"start":{"line":53,"column":4},"end":{"line":59,"column":7}},"24":{"start":{"line":61,"column":4},"end":{"line":61,"column":21}},"25":{"start":{"line":65,"column":0},"end":{"line":68,"column":2}}},"fnMap":{"0":{"name":"createSecret","decl":{"start":{"line":8,"column":15},"end":{"line":8,"column":27}},"loc":{"start":{"line":8,"column":44},"end":{"line":28,"column":1}},"line":8},"1":{"name":"getSecret","decl":{"start":{"line":35,"column":15},"end":{"line":35,"column":24}},"loc":{"start":{"line":35,"column":41},"end":{"line":63,"column":1}},"line":35}},"branchMap":{"0":{"loc":{"start":{"line":11,"column":4},"end":{"line":11,"column":83}},"type":"if","locations":[{"start":{"line":11,"column":4},"end":{"line":11,"column":83}},{"start":{},"end":{}}],"line":11},"1":{"loc":{"start":{"line":13,"column":24},"end":{"line":13,"column":43}},"type":"binary-expr","locations":[{"start":{"line":13,"column":24},"end":{"line":13,"column":37}},{"start":{"line":13,"column":41},"end":{"line":13,"column":43}}],"line":13},"2":{"loc":{"start":{"line":14,"column":25},"end":{"line":14,"column":45}},"type":"binary-expr","locations":[{"start":{"line":14,"column":25},"end":{"line":14,"column":39}},{"start":{"line":14,"column":43},"end":{"line":14,"column":45}}],"line":14},"3":{"loc":{"start":{"line":38,"column":4},"end":{"line":38,"column":83}},"type":"if","locations":[{"start":{"line":38,"column":4},"end":{"line":38,"column":83}},{"start":{},"end":{}}],"line":38},"4":{"loc":{"start":{"line":41,"column":4},"end":{"line":43,"column":5}},"type":"if","locations":[{"start":{"line":41,"column":4},"end":{"line":43,"column":5}},{"start":{},"end":{}}],"line":41},"5":{"loc":{"start":{"line":49,"column":4},"end":{"line":51,"column":5}},"type":"if","locations":[{"start":{"line":49,"column":4},"end":{"line":51,"column":5}},{"start":{},"end":{}}],"line":49}},"s":{"0":1,"1":1,"2":1,"3":1,"4":1,"5":0,"6":1,"7":1,"8":1,"9":1,"10":1,"11":0,"12":1,"13":1,"14":1,"15":0,"16":1,"17":1,"18":0,"19":1,"20":1,"21":1,"22":1,"23":0,"24":0,"25":1},"f":{"0":1,"1":1},"b":{"0":[0,1],"1":[1,0],"2":[1,0],"3":[0,1],"4":[0,1],"5":[1,0]},"_coverageSchema":"1a1c01bbd47fc00a2c39e90264f33305004495a9","hash":"efdc2aaf6005e5fccd5a6e91b471ebacc664278f"}
,"/mnt/c/Users/upskill252/Downloads/M10projeto-main/server/src/controllers/statsController.js": {"path":"/mnt/c/Users/upskill252/Downloads/M10projeto-main/server/src/controllers/statsController.js","statementMap":{"0":{"start":{"line":7,"column":20},"end":{"line":7,"column":52}},"1":{"start":{"line":14,"column":2},"end":{"line":20,"column":3}},"2":{"start":{"line":15,"column":18},"end":{"line":15,"column":52}},"3":{"start":{"line":16,"column":4},"end":{"line":16,"column":20}},"4":{"start":{"line":19,"column":4},"end":{"line":19,"column":16}},"5":{"start":{"line":23,"column":0},"end":{"line":25,"column":2}}},"fnMap":{"0":{"name":"getSummary","decl":{"start":{"line":13,"column":15},"end":{"line":13,"column":25}},"loc":{"start":{"line":13,"column":42},"end":{"line":21,"column":1}},"line":13}},"branchMap":{},"s":{"0":1,"1":0,"2":0,"3":0,"4":0,"5":1},"f":{"0":0},"b":{},"_coverageSchema":"1a1c01bbd47fc00a2c39e90264f33305004495a9","hash":"79df2b93ad031b23ea16d8190ed4bfc9748482bf"}
,"/mnt/c/Users/upskill252/Downloads/M10projeto-main/server/src/controllers/systemController.js": {"path":"/mnt/c/Users/upskill252/Downloads/M10projeto-main/server/src/controllers/systemController.js","statementMap":{"0":{"start":{"line":1,"column":11},"end":{"line":1,"column":30}},"1":{"start":{"line":2,"column":21},"end":{"line":2,"column":52}},"2":{"start":{"line":5,"column":2},"end":{"line":30,"column":3}},"3":{"start":{"line":6,"column":19},"end":{"line":6,"column":48}},"4":{"start":{"line":7,"column":4},"end":{"line":9,"column":5}},"5":{"start":{"line":8,"column":6},"end":{"line":8,"column":36}},"6":{"start":{"line":11,"column":16},"end":{"line":11,"column":51}},"7":{"start":{"line":12,"column":18},"end":{"line":12,"column":52}},"8":{"start":{"line":15,"column":17},"end":{"line":15,"column":19}},"9":{"start":{"line":16,"column":4},"end":{"line":22,"column":5}},"10":{"start":{"line":17,"column":6},"end":{"line":21,"column":7}},"11":{"start":{"line":18,"column":8},"end":{"line":18,"column":36}},"12":{"start":{"line":25,"column":4},"end":{"line":25,"column":92}},"13":{"start":{"line":25,"column":24},"end":{"line":25,"column":90}},"14":{"start":{"line":27,"column":4},"end":{"line":27,"column":30}},"15":{"start":{"line":29,"column":4},"end":{"line":29,"column":21}},"16":{"start":{"line":33,"column":0},"end":{"line":33,"column":37}}},"fnMap":{"0":{"name":"getSecurityLogs","decl":{"start":{"line":4,"column":15},"end":{"line":4,"column":30}},"loc":{"start":{"line":4,"column":47},"end":{"line":31,"column":1}},"line":4},"1":{"name":"(anonymous_1)","decl":{"start":{"line":25,"column":14},"end":{"line":25,"column":15}},"loc":{"start":{"line":25,"column":24},"end":{"line":25,"column":90}},"line":25}},"branchMap":{"0":{"loc":{"start":{"line":7,"column":4},"end":{"line":9,"column":5}},"type":"if","locations":[{"start":{"line":7,"column":4},"end":{"line":9,"column":5}},{"start":{},"end":{}}],"line":7},"1":{"loc":{"start":{"line":25,"column":31},"end":{"line":25,"column":48}},"type":"binary-expr","locations":[{"start":{"line":25,"column":31},"end":{"line":25,"column":42}},{"start":{"line":25,"column":46},"end":{"line":25,"column":48}}],"line":25},"2":{"loc":{"start":{"line":25,"column":71},"end":{"line":25,"column":88}},"type":"binary-expr","locations":[{"start":{"line":25,"column":71},"end":{"line":25,"column":82}},{"start":{"line":25,"column":86},"end":{"line":25,"column":88}}],"line":25}},"s":{"0":1,"1":1,"2":1,"3":1,"4":1,"5":0,"6":1,"7":1,"8":1,"9":1,"10":100,"11":100,"12":1,"13":424,"14":1,"15":0,"16":1},"f":{"0":1,"1":424},"b":{"0":[0,1],"1":[424,0],"2":[424,0]},"_coverageSchema":"1a1c01bbd47fc00a2c39e90264f33305004495a9","hash":"27ad981a12c773590b39a8b5e44a22526dd364fc"}
,"/mnt/c/Users/upskill252/Downloads/M10projeto-main/server/src/controllers/ticketController.js": {"path":"/mnt/c/Users/upskill252/Downloads/M10projeto-main/server/src/controllers/ticketController.js","statementMap":{"0":{"start":{"line":8,"column":20},"end":{"line":8,"column":52}},"1":{"start":{"line":9,"column":29},"end":{"line":9,"column":57}},"2":{"start":{"line":16,"column":2},"end":{"line":39,"column":3}},"3":{"start":{"line":17,"column":19},"end":{"line":17,"column":40}},"4":{"start":{"line":18,"column":4},"end":{"line":20,"column":5}},"5":{"start":{"line":19,"column":6},"end":{"line":19,"column":62}},"6":{"start":{"line":22,"column":20},"end":{"line":32,"column":5}},"7":{"start":{"line":34,"column":19},"end":{"line":34,"column":59}},"8":{"start":{"line":35,"column":4},"end":{"line":35,"column":21}},"9":{"start":{"line":38,"column":4},"end":{"line":38,"column":16}},"10":{"start":{"line":47,"column":2},"end":{"line":70,"column":3}},"11":{"start":{"line":48,"column":21},"end":{"line":48,"column":34}},"12":{"start":{"line":50,"column":4},"end":{"line":55,"column":5}},"13":{"start":{"line":51,"column":6},"end":{"line":54,"column":9}},"14":{"start":{"line":57,"column":19},"end":{"line":57,"column":60}},"15":{"start":{"line":59,"column":4},"end":{"line":64,"column":5}},"16":{"start":{"line":60,"column":6},"end":{"line":63,"column":9}},"17":{"start":{"line":66,"column":4},"end":{"line":66,"column":21}},"18":{"start":{"line":69,"column":4},"end":{"line":69,"column":16}},"19":{"start":{"line":78,"column":2},"end":{"line":109,"column":3}},"20":{"start":{"line":79,"column":19},"end":{"line":79,"column":40}},"21":{"start":{"line":80,"column":4},"end":{"line":82,"column":5}},"22":{"start":{"line":81,"column":6},"end":{"line":81,"column":62}},"23":{"start":{"line":84,"column":71},"end":{"line":84,"column":79}},"24":{"start":{"line":87,"column":4},"end":{"line":92,"column":5}},"25":{"start":{"line":88,"column":6},"end":{"line":91,"column":9}},"26":{"start":{"line":94,"column":23},"end":{"line":101,"column":5}},"27":{"start":{"line":103,"column":26},"end":{"line":103,"column":68}},"28":{"start":{"line":105,"column":4},"end":{"line":105,"column":40}},"29":{"start":{"line":108,"column":4},"end":{"line":108,"column":16}},"30":{"start":{"line":117,"column":2},"end":{"line":169,"column":3}},"31":{"start":{"line":118,"column":21},"end":{"line":118,"column":34}},"32":{"start":{"line":120,"column":4},"end":{"line":125,"column":5}},"33":{"start":{"line":121,"column":6},"end":{"line":124,"column":9}},"34":{"start":{"line":127,"column":19},"end":{"line":127,"column":40}},"35":{"start":{"line":128,"column":4},"end":{"line":130,"column":5}},"36":{"start":{"line":129,"column":6},"end":{"line":129,"column":62}},"37":{"start":{"line":132,"column":23},"end":{"line":132,"column":25}},"38":{"start":{"line":133,"column":26},"end":{"line":133,"column":105}},"39":{"start":{"line":135,"column":4},"end":{"line":139,"column":5}},"40":{"start":{"line":136,"column":6},"end":{"line":138,"column":7}},"41":{"start":{"line":137,"column":8},"end":{"line":137,"column":44}},"42":{"start":{"line":141,"column":4},"end":{"line":146,"column":5}},"43":{"start":{"line":142,"column":6},"end":{"line":145,"column":9}},"44":{"start":{"line":149,"column":20},"end":{"line":149,"column":61}},"45":{"start":{"line":151,"column":2},"end":{"line":156,"column":3}},"46":{"start":{"line":152,"column":4},"end":{"line":155,"column":7}},"47":{"start":{"line":159,"column":24},"end":{"line":159,"column":76}},"48":{"start":{"line":162,"column":2},"end":{"line":165,"column":5}},"49":{"start":{"line":168,"column":4},"end":{"line":168,"column":16}},"50":{"start":{"line":181,"column":2},"end":{"line":208,"column":3}},"51":{"start":{"line":182,"column":21},"end":{"line":182,"column":34}},"52":{"start":{"line":184,"column":4},"end":{"line":189,"column":5}},"53":{"start":{"line":185,"column":6},"end":{"line":188,"column":9}},"54":{"start":{"line":192,"column":20},"end":{"line":192,"column":60}},"55":{"start":{"line":194,"column":4},"end":{"line":199,"column":5}},"56":{"start":{"line":195,"column":6},"end":{"line":198,"column":9}},"57":{"start":{"line":201,"column":4},"end":{"line":204,"column":7}},"58":{"start":{"line":207,"column":4},"end":{"line":207,"column":16}},"59":{"start":{"line":211,"column":0},"end":{"line":217,"column":2}}},"fnMap":{"0":{"name":"listTickets","decl":{"start":{"line":15,"column":15},"end":{"line":15,"column":26}},"loc":{"start":{"line":15,"column":43},"end":{"line":40,"column":1}},"line":15},"1":{"name":"getTicket","decl":{"start":{"line":46,"column":15},"end":{"line":46,"column":24}},"loc":{"start":{"line":46,"column":41},"end":{"line":71,"column":1}},"line":46},"2":{"name":"createTicket","decl":{"start":{"line":77,"column":15},"end":{"line":77,"column":27}},"loc":{"start":{"line":77,"column":44},"end":{"line":110,"column":1}},"line":77},"3":{"name":"updateTicket","decl":{"start":{"line":116,"column":15},"end":{"line":116,"column":27}},"loc":{"start":{"line":116,"column":44},"end":{"line":170,"column":1}},"line":116},"4":{"name":"deleteTicket","decl":{"start":{"line":180,"column":15},"end":{"line":180,"column":27}},"loc":{"start":{"line":180,"column":44},"end":{"line":209,"column":1}},"line":180}},"branchMap":{"0":{"loc":{"start":{"line":18,"column":4},"end":{"line":20,"column":5}},"type":"if","locations":[{"start":{"line":18,"column":4},"end":{"line":20,"column":5}},{"start":{},"end":{}}],"line":18},"1":{"loc":{"start":{"line":50,"column":4},"end":{"line":55,"column":5}},"type":"if","locations":[{"start":{"line":50,"column":4},"end":{"line":55,"column":5}},{"start":{},"end":{}}],"line":50},"2":{"loc":{"start":{"line":50,"column":8},"end":{"line":50,"column":43}},"type":"binary-expr","locations":[{"start":{"line":50,"column":8},"end":{"line":50,"column":17}},{"start":{"line":50,"column":21},"end":{"line":50,"column":43}}],"line":50},"3":{"loc":{"start":{"line":59,"column":4},"end":{"line":64,"column":5}},"type":"if","locations":[{"start":{"line":59,"column":4},"end":{"line":64,"column":5}},{"start":{},"end":{}}],"line":59},"4":{"loc":{"start":{"line":80,"column":4},"end":{"line":82,"column":5}},"type":"if","locations":[{"start":{"line":80,"column":4},"end":{"line":82,"column":5}},{"start":{},"end":{}}],"line":80},"5":{"loc":{"start":{"line":87,"column":4},"end":{"line":92,"column":5}},"type":"if","locations":[{"start":{"line":87,"column":4},"end":{"line":92,"column":5}},{"start":{},"end":{}}],"line":87},"6":{"loc":{"start":{"line":87,"column":8},"end":{"line":87,"column":37}},"type":"binary-expr","locations":[{"start":{"line":87,"column":8},"end":{"line":87,"column":14}},{"start":{"line":87,"column":18},"end":{"line":87,"column":37}}],"line":87},"7":{"loc":{"start":{"line":96,"column":19},"end":{"line":96,"column":58}},"type":"cond-expr","locations":[{"start":{"line":96,"column":33},"end":{"line":96,"column":51}},{"start":{"line":96,"column":54},"end":{"line":96,"column":58}}],"line":96},"8":{"loc":{"start":{"line":97,"column":16},"end":{"line":97,"column":31}},"type":"binary-expr","locations":[{"start":{"line":97,"column":16},"end":{"line":97,"column":24}},{"start":{"line":97,"column":28},"end":{"line":97,"column":31}}],"line":97},"9":{"loc":{"start":{"line":98,"column":16},"end":{"line":98,"column":38}},"type":"binary-expr","locations":[{"start":{"line":98,"column":16},"end":{"line":98,"column":24}},{"start":{"line":98,"column":28},"end":{"line":98,"column":38}}],"line":98},"10":{"loc":{"start":{"line":99,"column":14},"end":{"line":99,"column":28}},"type":"binary-expr","locations":[{"start":{"line":99,"column":14},"end":{"line":99,"column":20}},{"start":{"line":99,"column":24},"end":{"line":99,"column":28}}],"line":99},"11":{"loc":{"start":{"line":100,"column":15},"end":{"line":100,"column":30}},"type":"binary-expr","locations":[{"start":{"line":100,"column":15},"end":{"line":100,"column":22}},{"start":{"line":100,"column":26},"end":{"line":100,"column":30}}],"line":100},"12":{"loc":{"start":{"line":120,"column":4},"end":{"line":125,"column":5}},"type":"if","locations":[{"start":{"line":120,"column":4},"end":{"line":125,"column":5}},{"start":{},"end":{}}],"line":120},"13":{"loc":{"start":{"line":120,"column":8},"end":{"line":120,"column":43}},"type":"binary-expr","locations":[{"start":{"line":120,"column":8},"end":{"line":120,"column":17}},{"start":{"line":120,"column":21},"end":{"line":120,"column":43}}],"line":120},"14":{"loc":{"start":{"line":128,"column":4},"end":{"line":130,"column":5}},"type":"if","locations":[{"start":{"line":128,"column":4},"end":{"line":130,"column":5}},{"start":{},"end":{}}],"line":128},"15":{"loc":{"start":{"line":136,"column":6},"end":{"line":138,"column":7}},"type":"if","locations":[{"start":{"line":136,"column":6},"end":{"line":138,"column":7}},{"start":{},"end":{}}],"line":136},"16":{"loc":{"start":{"line":141,"column":4},"end":{"line":146,"column":5}},"type":"if","locations":[{"start":{"line":141,"column":4},"end":{"line":146,"column":5}},{"start":{},"end":{}}],"line":141},"17":{"loc":{"start":{"line":151,"column":2},"end":{"line":156,"column":3}},"type":"if","locations":[{"start":{"line":151,"column":2},"end":{"line":156,"column":3}},{"start":{},"end":{}}],"line":151},"18":{"loc":{"start":{"line":184,"column":4},"end":{"line":189,"column":5}},"type":"if","locations":[{"start":{"line":184,"column":4},"end":{"line":189,"column":5}},{"start":{},"end":{}}],"line":184},"19":{"loc":{"start":{"line":184,"column":8},"end":{"line":184,"column":43}},"type":"binary-expr","locations":[{"start":{"line":184,"column":8},"end":{"line":184,"column":17}},{"start":{"line":184,"column":21},"end":{"line":184,"column":43}}],"line":184},"20":{"loc":{"start":{"line":194,"column":4},"end":{"line":199,"column":5}},"type":"if","locations":[{"start":{"line":194,"column":4},"end":{"line":199,"column":5}},{"start":{},"end":{}}],"line":194}},"s":{"0":1,"1":1,"2":0,"3":0,"4":0,"5":0,"6":0,"7":0,"8":0,"9":0,"10":0,"11":0,"12":0,"13":0,"14":0,"15":0,"16":0,"17":0,"18":0,"19":0,"20":0,"21":0,"22":0,"23":0,"24":0,"25":0,"26":0,"27":0,"28":0,"29":0,"30":0,"31":0,"32":0,"33":0,"34":0,"35":0,"36":0,"37":0,"38":0,"39":0,"40":0,"41":0,"42":0,"43":0,"44":0,"45":0,"46":0,"47":0,"48":0,"49":0,"50":0,"51":0,"52":0,"53":0,"54":0,"55":0,"56":0,"57":0,"58":0,"59":1},"f":{"0":0,"1":0,"2":0,"3":0,"4":0},"b":{"0":[0,0],"1":[0,0],"2":[0,0],"3":[0,0],"4":[0,0],"5":[0,0],"6":[0,0],"7":[0,0],"8":[0,0],"9":[0,0],"10":[0,0],"11":[0,0],"12":[0,0],"13":[0,0],"14":[0,0],"15":[0,0],"16":[0,0],"17":[0,0],"18":[0,0],"19":[0,0],"20":[0,0]},"_coverageSchema":"1a1c01bbd47fc00a2c39e90264f33305004495a9","hash":"24d1a08bcc492367ff266523a5e4cc3bf1be194c"}
,"/mnt/c/Users/upskill252/Downloads/M10projeto-main/server/src/middleware/loginRateLimiter.js": {"path":"/mnt/c/Users/upskill252/Downloads/M10projeto-main/server/src/middleware/loginRateLimiter.js","statementMap":{"0":{"start":{"line":10,"column":29},"end":{"line":10,"column":60}},"1":{"start":{"line":12,"column":21},"end":{"line":12,"column":64}},"2":{"start":{"line":13,"column":18},"end":{"line":13,"column":78}},"3":{"start":{"line":14,"column":17},"end":{"line":14,"column":71}},"4":{"start":{"line":17,"column":14},"end":{"line":17,"column":23}},"5":{"start":{"line":21,"column":14},"end":{"line":21,"column":44}},"6":{"start":{"line":22,"column":2},"end":{"line":24,"column":3}},"7":{"start":{"line":23,"column":4},"end":{"line":23,"column":36}},"8":{"start":{"line":25,"column":2},"end":{"line":25,"column":60}},"9":{"start":{"line":29,"column":2},"end":{"line":29,"column":71}},"10":{"start":{"line":29,"column":22},"end":{"line":29,"column":71}},"11":{"start":{"line":30,"column":2},"end":{"line":30,"column":23}},"12":{"start":{"line":34,"column":13},"end":{"line":34,"column":29}},"13":{"start":{"line":35,"column":16},"end":{"line":35,"column":29}},"14":{"start":{"line":36,"column":14},"end":{"line":36,"column":24}},"15":{"start":{"line":38,"column":2},"end":{"line":68,"column":3}},"16":{"start":{"line":39,"column":26},"end":{"line":39,"column":70}},"17":{"start":{"line":42,"column":20},"end":{"line":42,"column":50}},"18":{"start":{"line":43,"column":20},"end":{"line":43,"column":38}},"19":{"start":{"line":47,"column":4},"end":{"line":51,"column":5}},"20":{"start":{"line":48,"column":6},"end":{"line":48,"column":74}},"21":{"start":{"line":50,"column":6},"end":{"line":50,"column":34}},"22":{"start":{"line":54,"column":4},"end":{"line":54,"column":50}},"23":{"start":{"line":56,"column":4},"end":{"line":60,"column":7}},"24":{"start":{"line":62,"column":4},"end":{"line":67,"column":7}},"25":{"start":{"line":70,"column":2},"end":{"line":70,"column":9}},"26":{"start":{"line":74,"column":13},"end":{"line":74,"column":29}},"27":{"start":{"line":75,"column":16},"end":{"line":75,"column":29}},"28":{"start":{"line":76,"column":14},"end":{"line":76,"column":24}},"29":{"start":{"line":79,"column":2},"end":{"line":79,"column":72}},"30":{"start":{"line":79,"column":49},"end":{"line":79,"column":70}},"31":{"start":{"line":80,"column":2},"end":{"line":80,"column":27}},"32":{"start":{"line":82,"column":2},"end":{"line":82,"column":93}},"33":{"start":{"line":84,"column":2},"end":{"line":96,"column":3}},"34":{"start":{"line":85,"column":4},"end":{"line":85,"column":40}},"35":{"start":{"line":87,"column":4},"end":{"line":87,"column":24}},"36":{"start":{"line":89,"column":4},"end":{"line":93,"column":7}},"37":{"start":{"line":95,"column":4},"end":{"line":95,"column":63}},"38":{"start":{"line":98,"column":2},"end":{"line":98,"column":90}},"39":{"start":{"line":102,"column":13},"end":{"line":102,"column":29}},"40":{"start":{"line":103,"column":2},"end":{"line":103,"column":19}},"41":{"start":{"line":104,"column":2},"end":{"line":104,"column":53}},"42":{"start":{"line":107,"column":0},"end":{"line":113,"column":2}}},"fnMap":{"0":{"name":"getClientIp","decl":{"start":{"line":19,"column":9},"end":{"line":19,"column":20}},"loc":{"start":{"line":19,"column":26},"end":{"line":26,"column":1}},"line":19},"1":{"name":"_getState","decl":{"start":{"line":28,"column":9},"end":{"line":28,"column":18}},"loc":{"start":{"line":28,"column":23},"end":{"line":31,"column":1}},"line":28},"2":{"name":"guard","decl":{"start":{"line":33,"column":9},"end":{"line":33,"column":14}},"loc":{"start":{"line":33,"column":31},"end":{"line":71,"column":1}},"line":33},"3":{"name":"recordFailure","decl":{"start":{"line":73,"column":9},"end":{"line":73,"column":22}},"loc":{"start":{"line":73,"column":39},"end":{"line":99,"column":1}},"line":73},"4":{"name":"(anonymous_4)","decl":{"start":{"line":79,"column":41},"end":{"line":79,"column":42}},"loc":{"start":{"line":79,"column":49},"end":{"line":79,"column":70}},"line":79},"5":{"name":"recordSuccess","decl":{"start":{"line":101,"column":9},"end":{"line":101,"column":22}},"loc":{"start":{"line":101,"column":39},"end":{"line":105,"column":1}},"line":101}},"branchMap":{"0":{"loc":{"start":{"line":12,"column":28},"end":{"line":12,"column":63}},"type":"binary-expr","locations":[{"start":{"line":12,"column":28},"end":{"line":12,"column":58}},{"start":{"line":12,"column":62},"end":{"line":12,"column":63}}],"line":12},"1":{"loc":{"start":{"line":13,"column":25},"end":{"line":13,"column":77}},"type":"binary-expr","locations":[{"start":{"line":13,"column":25},"end":{"line":13,"column":57}},{"start":{"line":13,"column":62},"end":{"line":13,"column":76}}],"line":13},"2":{"loc":{"start":{"line":14,"column":24},"end":{"line":14,"column":70}},"type":"binary-expr","locations":[{"start":{"line":14,"column":24},"end":{"line":14,"column":50}},{"start":{"line":14,"column":55},"end":{"line":14,"column":69}}],"line":14},"3":{"loc":{"start":{"line":22,"column":2},"end":{"line":24,"column":3}},"type":"if","locations":[{"start":{"line":22,"column":2},"end":{"line":24,"column":3}},{"start":{},"end":{}}],"line":22},"4":{"loc":{"start":{"line":22,"column":6},"end":{"line":22,"column":43}},"type":"binary-expr","locations":[{"start":{"line":22,"column":6},"end":{"line":22,"column":29}},{"start":{"line":22,"column":33},"end":{"line":22,"column":43}}],"line":22},"5":{"loc":{"start":{"line":25,"column":9},"end":{"line":25,"column":59}},"type":"binary-expr","locations":[{"start":{"line":25,"column":9},"end":{"line":25,"column":46}},{"start":{"line":25,"column":50},"end":{"line":25,"column":59}}],"line":25},"6":{"loc":{"start":{"line":25,"column":10},"end":{"line":25,"column":22}},"type":"binary-expr","locations":[{"start":{"line":25,"column":10},"end":{"line":25,"column":16}},{"start":{"line":25,"column":20},"end":{"line":25,"column":22}}],"line":25},"7":{"loc":{"start":{"line":29,"column":2},"end":{"line":29,"column":71}},"type":"if","locations":[{"start":{"line":29,"column":2},"end":{"line":29,"column":71}},{"start":{},"end":{}}],"line":29},"8":{"loc":{"start":{"line":38,"column":2},"end":{"line":68,"column":3}},"type":"if","locations":[{"start":{"line":38,"column":2},"end":{"line":68,"column":3}},{"start":{},"end":{}}],"line":38},"9":{"loc":{"start":{"line":38,"column":6},"end":{"line":38,"column":52}},"type":"binary-expr","locations":[{"start":{"line":38,"column":6},"end":{"line":38,"column":24}},{"start":{"line":38,"column":28},"end":{"line":38,"column":52}}],"line":38},"10":{"loc":{"start":{"line":47,"column":4},"end":{"line":51,"column":5}},"type":"if","locations":[{"start":{"line":47,"column":4},"end":{"line":51,"column":5}},{"start":{"line":49,"column":11},"end":{"line":51,"column":5}}],"line":47},"11":{"loc":{"start":{"line":73,"column":28},"end":{"line":73,"column":37}},"type":"default-arg","locations":[{"start":{"line":73,"column":35},"end":{"line":73,"column":37}}],"line":73},"12":{"loc":{"start":{"line":84,"column":2},"end":{"line":96,"column":3}},"type":"if","locations":[{"start":{"line":84,"column":2},"end":{"line":96,"column":3}},{"start":{},"end":{}}],"line":84},"13":{"loc":{"start":{"line":101,"column":28},"end":{"line":101,"column":37}},"type":"default-arg","locations":[{"start":{"line":101,"column":35},"end":{"line":101,"column":37}}],"line":101}},"s":{"0":1,"1":1,"2":1,"3":1,"4":1,"5":12,"6":12,"7":0,"8":12,"9":4,"10":4,"11":4,"12":4,"13":4,"14":4,"15":4,"16":0,"17":0,"18":0,"19":0,"20":0,"21":0,"22":0,"23":0,"24":0,"25":4,"26":0,"27":0,"28":0,"29":0,"30":0,"31":0,"32":0,"33":0,"34":0,"35":0,"36":0,"37":0,"38":0,"39":4,"40":4,"41":4,"42":1},"f":{"0":12,"1":4,"2":4,"3":0,"4":0,"5":4},"b":{"0":[1,1],"1":[1,1],"2":[1,1],"3":[0,12],"4":[12,0],"5":[12,0],"6":[12,0],"7":[4,0],"8":[0,4],"9":[4,0],"10":[0,0],"11":[0],"12":[0,0],"13":[0]},"_coverageSchema":"1a1c01bbd47fc00a2c39e90264f33305004495a9","hash":"2802d62212f254c6c5f948c14284e9889e2d633f"}
,"/mnt/c/Users/upskill252/Downloads/M10projeto-main/server/src/middleware/requireAuth.js": {"path":"/mnt/c/Users/upskill252/Downloads/M10projeto-main/server/src/middleware/requireAuth.js","statementMap":{"0":{"start":{"line":7,"column":21},"end":{"line":7,"column":54}},"1":{"start":{"line":8,"column":18},"end":{"line":8,"column":48}},"2":{"start":{"line":11,"column":2},"end":{"line":43,"column":3}},"3":{"start":{"line":12,"column":17},"end":{"line":12,"column":48}},"4":{"start":{"line":13,"column":18},"end":{"line":13,"column":48}},"5":{"start":{"line":14,"column":4},"end":{"line":16,"column":5}},"6":{"start":{"line":15,"column":6},"end":{"line":15,"column":94}},"7":{"start":{"line":18,"column":18},"end":{"line":18,"column":33}},"8":{"start":{"line":19,"column":4},"end":{"line":21,"column":5}},"9":{"start":{"line":20,"column":6},"end":{"line":20,"column":94}},"10":{"start":{"line":23,"column":20},"end":{"line":23,"column":63}},"11":{"start":{"line":24,"column":4},"end":{"line":26,"column":5}},"12":{"start":{"line":25,"column":6},"end":{"line":25,"column":100}},"13":{"start":{"line":28,"column":17},"end":{"line":28,"column":61}},"14":{"start":{"line":29,"column":4},"end":{"line":32,"column":5}},"15":{"start":{"line":30,"column":6},"end":{"line":30,"column":46}},"16":{"start":{"line":31,"column":6},"end":{"line":31,"column":89}},"17":{"start":{"line":34,"column":4},"end":{"line":38,"column":6}},"18":{"start":{"line":40,"column":4},"end":{"line":40,"column":18}},"19":{"start":{"line":42,"column":4},"end":{"line":42,"column":21}},"20":{"start":{"line":46,"column":0},"end":{"line":46,"column":33}}},"fnMap":{"0":{"name":"requireAuth","decl":{"start":{"line":10,"column":15},"end":{"line":10,"column":26}},"loc":{"start":{"line":10,"column":43},"end":{"line":44,"column":1}},"line":10}},"branchMap":{"0":{"loc":{"start":{"line":12,"column":17},"end":{"line":12,"column":48}},"type":"binary-expr","locations":[{"start":{"line":12,"column":17},"end":{"line":12,"column":42}},{"start":{"line":12,"column":46},"end":{"line":12,"column":48}}],"line":12},"1":{"loc":{"start":{"line":14,"column":4},"end":{"line":16,"column":5}},"type":"if","locations":[{"start":{"line":14,"column":4},"end":{"line":16,"column":5}},{"start":{},"end":{}}],"line":14},"2":{"loc":{"start":{"line":19,"column":4},"end":{"line":21,"column":5}},"type":"if","locations":[{"start":{"line":19,"column":4},"end":{"line":21,"column":5}},{"start":{},"end":{}}],"line":19},"3":{"loc":{"start":{"line":24,"column":4},"end":{"line":26,"column":5}},"type":"if","locations":[{"start":{"line":24,"column":4},"end":{"line":26,"column":5}},{"start":{},"end":{}}],"line":24},"4":{"loc":{"start":{"line":29,"column":4},"end":{"line":32,"column":5}},"type":"if","locations":[{"start":{"line":29,"column":4},"end":{"line":32,"column":5}},{"start":{},"end":{}}],"line":29}},"s":{"0":1,"1":1,"2":4,"3":4,"4":4,"5":4,"6":0,"7":4,"8":4,"9":0,"10":4,"11":4,"12":0,"13":4,"14":4,"15":0,"16":0,"17":4,"18":4,"19":0,"20":1},"f":{"0":4},"b":{"0":[4,0],"1":[0,4],"2":[0,4],"3":[0,4],"4":[0,4]},"_coverageSchema":"1a1c01bbd47fc00a2c39e90264f33305004495a9","hash":"20315f0e8179fc33e8fe735aa73d7f5b56a890c4"}
,"/mnt/c/Users/upskill252/Downloads/M10projeto-main/server/src/middleware/requireRole.js": {"path":"/mnt/c/Users/upskill252/Downloads/M10projeto-main/server/src/middleware/requireRole.js","statementMap":{"0":{"start":{"line":10,"column":2},"end":{"line":21,"column":4}},"1":{"start":{"line":11,"column":17},"end":{"line":11,"column":42}},"2":{"start":{"line":12,"column":4},"end":{"line":14,"column":5}},"3":{"start":{"line":13,"column":6},"end":{"line":13,"column":104}},"4":{"start":{"line":16,"column":4},"end":{"line":18,"column":5}},"5":{"start":{"line":17,"column":6},"end":{"line":17,"column":93}},"6":{"start":{"line":20,"column":4},"end":{"line":20,"column":18}},"7":{"start":{"line":24,"column":0},"end":{"line":24,"column":33}}},"fnMap":{"0":{"name":"requireRole","decl":{"start":{"line":9,"column":9},"end":{"line":9,"column":20}},"loc":{"start":{"line":9,"column":27},"end":{"line":22,"column":1}},"line":9},"1":{"name":"requireRoleMiddleware","decl":{"start":{"line":10,"column":18},"end":{"line":10,"column":39}},"loc":{"start":{"line":10,"column":56},"end":{"line":21,"column":3}},"line":10}},"branchMap":{"0":{"loc":{"start":{"line":11,"column":17},"end":{"line":11,"column":42}},"type":"binary-expr","locations":[{"start":{"line":11,"column":17},"end":{"line":11,"column":25}},{"start":{"line":11,"column":29},"end":{"line":11,"column":42}}],"line":11},"1":{"loc":{"start":{"line":12,"column":4},"end":{"line":14,"column":5}},"type":"if","locations":[{"start":{"line":12,"column":4},"end":{"line":14,"column":5}},{"start":{},"end":{}}],"line":12},"2":{"loc":{"start":{"line":16,"column":4},"end":{"line":18,"column":5}},"type":"if","locations":[{"start":{"line":16,"column":4},"end":{"line":18,"column":5}},{"start":{},"end":{}}],"line":16}},"s":{"0":1,"1":2,"2":2,"3":0,"4":2,"5":1,"6":1,"7":1},"f":{"0":1,"1":2},"b":{"0":[2,2],"1":[0,2],"2":[1,1]},"_coverageSchema":"1a1c01bbd47fc00a2c39e90264f33305004495a9","hash":"01ad6830c23604b92ea5975d89dba0e5a9c93e0b"}
,"/mnt/c/Users/upskill252/Downloads/M10projeto-main/server/src/models/secretModel.js": {"path":"/mnt/c/Users/upskill252/Downloads/M10projeto-main/server/src/models/secretModel.js","statementMap":{"0":{"start":{"line":5,"column":24},"end":{"line":5,"column":53}},"1":{"start":{"line":8,"column":13},"end":{"line":8,"column":26}},"2":{"start":{"line":9,"column":17},"end":{"line":12,"column":3}},"3":{"start":{"line":13,"column":2},"end":{"line":13,"column":38}},"4":{"start":{"line":17,"column":13},"end":{"line":17,"column":26}},"5":{"start":{"line":18,"column":2},"end":{"line":21,"column":4}},"6":{"start":{"line":25,"column":13},"end":{"line":25,"column":26}},"7":{"start":{"line":26,"column":2},"end":{"line":31,"column":4}},"8":{"start":{"line":34,"column":0},"end":{"line":38,"column":2}}},"fnMap":{"0":{"name":"createSecret","decl":{"start":{"line":7,"column":15},"end":{"line":7,"column":27}},"loc":{"start":{"line":7,"column":54},"end":{"line":14,"column":1}},"line":7},"1":{"name":"getSecretById","decl":{"start":{"line":16,"column":15},"end":{"line":16,"column":28}},"loc":{"start":{"line":16,"column":33},"end":{"line":22,"column":1}},"line":16},"2":{"name":"getSecretByIdForOwner","decl":{"start":{"line":24,"column":15},"end":{"line":24,"column":36}},"loc":{"start":{"line":24,"column":50},"end":{"line":32,"column":1}},"line":24}},"branchMap":{},"s":{"0":1,"1":1,"2":1,"3":1,"4":1,"5":1,"6":1,"7":1,"8":1},"f":{"0":1,"1":1,"2":1},"b":{},"_coverageSchema":"1a1c01bbd47fc00a2c39e90264f33305004495a9","hash":"6bfbb26ab0ce2decb2317cbd62f6e80eaff7cd68"}
,"/mnt/c/Users/upskill252/Downloads/M10projeto-main/server/src/models/sessionModel.js": {"path":"/mnt/c/Users/upskill252/Downloads/M10projeto-main/server/src/models/sessionModel.js","statementMap":{"0":{"start":{"line":7,"column":15},"end":{"line":7,"column":32}},"1":{"start":{"line":8,"column":24},"end":{"line":8,"column":53}},"2":{"start":{"line":10,"column":23},"end":{"line":10,"column":82}},"3":{"start":{"line":14,"column":2},"end":{"line":14,"column":54}},"4":{"start":{"line":18,"column":13},"end":{"line":18,"column":26}},"5":{"start":{"line":19,"column":16},"end":{"line":19,"column":31}},"6":{"start":{"line":20,"column":20},"end":{"line":20,"column":71}},"7":{"start":{"line":22,"column":2},"end":{"line":25,"column":4}},"8":{"start":{"line":27,"column":2},"end":{"line":27,"column":30}},"9":{"start":{"line":31,"column":13},"end":{"line":31,"column":26}},"10":{"start":{"line":32,"column":14},"end":{"line":35,"column":3}},"11":{"start":{"line":36,"column":2},"end":{"line":36,"column":24}},"12":{"start":{"line":36,"column":12},"end":{"line":36,"column":24}},"13":{"start":{"line":38,"column":14},"end":{"line":38,"column":24}},"14":{"start":{"line":39,"column":14},"end":{"line":39,"column":40}},"15":{"start":{"line":40,"column":2},"end":{"line":43,"column":3}},"16":{"start":{"line":41,"column":4},"end":{"line":41,"column":31}},"17":{"start":{"line":42,"column":4},"end":{"line":42,"column":16}},"18":{"start":{"line":45,"column":2},"end":{"line":45,"column":13}},"19":{"start":{"line":49,"column":13},"end":{"line":49,"column":26}},"20":{"start":{"line":50,"column":2},"end":{"line":50,"column":64}},"21":{"start":{"line":53,"column":0},"end":{"line":58,"column":2}}},"fnMap":{"0":{"name":"generateToken","decl":{"start":{"line":12,"column":9},"end":{"line":12,"column":22}},"loc":{"start":{"line":12,"column":25},"end":{"line":15,"column":1}},"line":12},"1":{"name":"createSession","decl":{"start":{"line":17,"column":15},"end":{"line":17,"column":28}},"loc":{"start":{"line":17,"column":75},"end":{"line":28,"column":1}},"line":17},"2":{"name":"getSessionByToken","decl":{"start":{"line":30,"column":15},"end":{"line":30,"column":32}},"loc":{"start":{"line":30,"column":40},"end":{"line":46,"column":1}},"line":30},"3":{"name":"deleteSession","decl":{"start":{"line":48,"column":15},"end":{"line":48,"column":28}},"loc":{"start":{"line":48,"column":36},"end":{"line":51,"column":1}},"line":48}},"branchMap":{"0":{"loc":{"start":{"line":10,"column":30},"end":{"line":10,"column":81}},"type":"binary-expr","locations":[{"start":{"line":10,"column":30},"end":{"line":10,"column":56}},{"start":{"line":10,"column":61},"end":{"line":10,"column":80}}],"line":10},"1":{"loc":{"start":{"line":17,"column":37},"end":{"line":17,"column":73}},"type":"default-arg","locations":[{"start":{"line":17,"column":71},"end":{"line":17,"column":73}}],"line":17},"2":{"loc":{"start":{"line":17,"column":39},"end":{"line":17,"column":48}},"type":"default-arg","locations":[{"start":{"line":17,"column":44},"end":{"line":17,"column":48}}],"line":17},"3":{"loc":{"start":{"line":17,"column":50},"end":{"line":17,"column":66}},"type":"default-arg","locations":[{"start":{"line":17,"column":62},"end":{"line":17,"column":66}}],"line":17},"4":{"loc":{"start":{"line":36,"column":2},"end":{"line":36,"column":24}},"type":"if","locations":[{"start":{"line":36,"column":2},"end":{"line":36,"column":24}},{"start":{},"end":{}}],"line":36},"5":{"loc":{"start":{"line":40,"column":2},"end":{"line":43,"column":3}},"type":"if","locations":[{"start":{"line":40,"column":2},"end":{"line":43,"column":3}},{"start":{},"end":{}}],"line":40},"6":{"loc":{"start":{"line":40,"column":6},"end":{"line":40,"column":37}},"type":"binary-expr","locations":[{"start":{"line":40,"column":6},"end":{"line":40,"column":23}},{"start":{"line":40,"column":27},"end":{"line":40,"column":37}}],"line":40}},"s":{"0":1,"1":1,"2":1,"3":4,"4":4,"5":4,"6":4,"7":4,"8":4,"9":4,"10":4,"11":4,"12":0,"13":4,"14":4,"15":4,"16":0,"17":0,"18":4,"19":0,"20":0,"21":1},"f":{"0":4,"1":4,"2":4,"3":0},"b":{"0":[1,1],"1":[0],"2":[0],"3":[0],"4":[0,4],"5":[0,4],"6":[4,4]},"_coverageSchema":"1a1c01bbd47fc00a2c39e90264f33305004495a9","hash":"9b0ad5598764771428deefd697434a7b24eac106"}
,"/mnt/c/Users/upskill252/Downloads/M10projeto-main/server/src/models/ticketModel.js": {"path":"/mnt/c/Users/upskill252/Downloads/M10projeto-main/server/src/models/ticketModel.js","statementMap":{"0":{"start":{"line":8,"column":24},"end":{"line":8,"column":53}},"1":{"start":{"line":16,"column":13},"end":{"line":16,"column":26}},"2":{"start":{"line":18,"column":14},"end":{"line":18,"column":47}},"3":{"start":{"line":19,"column":17},"end":{"line":19,"column":19}},"4":{"start":{"line":22,"column":2},"end":{"line":25,"column":3}},"5":{"start":{"line":23,"column":4},"end":{"line":23,"column":31}},"6":{"start":{"line":24,"column":4},"end":{"line":24,"column":32}},"7":{"start":{"line":28,"column":2},"end":{"line":31,"column":3}},"8":{"start":{"line":29,"column":4},"end":{"line":29,"column":33}},"9":{"start":{"line":30,"column":4},"end":{"line":30,"column":34}},"10":{"start":{"line":34,"column":2},"end":{"line":37,"column":3}},"11":{"start":{"line":35,"column":4},"end":{"line":35,"column":33}},"12":{"start":{"line":36,"column":4},"end":{"line":36,"column":34}},"13":{"start":{"line":40,"column":2},"end":{"line":43,"column":3}},"14":{"start":{"line":41,"column":4},"end":{"line":41,"column":27}},"15":{"start":{"line":42,"column":4},"end":{"line":42,"column":28}},"16":{"start":{"line":46,"column":2},"end":{"line":49,"column":3}},"17":{"start":{"line":47,"column":4},"end":{"line":47,"column":57}},"18":{"start":{"line":48,"column":4},"end":{"line":48,"column":62}},"19":{"start":{"line":52,"column":17},"end":{"line":52,"column":47}},"20":{"start":{"line":53,"column":20},"end":{"line":53,"column":64}},"21":{"start":{"line":54,"column":28},"end":{"line":54,"column":105}},"22":{"start":{"line":56,"column":2},"end":{"line":58,"column":3}},"23":{"start":{"line":57,"column":4},"end":{"line":57,"column":48}},"24":{"start":{"line":61,"column":16},"end":{"line":61,"column":62}},"25":{"start":{"line":62,"column":17},"end":{"line":62,"column":46}},"26":{"start":{"line":63,"column":2},"end":{"line":63,"column":31}},"27":{"start":{"line":64,"column":2},"end":{"line":64,"column":29}},"28":{"start":{"line":66,"column":18},"end":{"line":66,"column":45}},"29":{"start":{"line":69,"column":19},"end":{"line":69,"column":68}},"30":{"start":{"line":70,"column":20},"end":{"line":70,"column":22}},"31":{"start":{"line":72,"column":2},"end":{"line":75,"column":3}},"32":{"start":{"line":73,"column":4},"end":{"line":73,"column":36}},"33":{"start":{"line":74,"column":4},"end":{"line":74,"column":37}},"34":{"start":{"line":76,"column":2},"end":{"line":79,"column":3}},"35":{"start":{"line":77,"column":4},"end":{"line":77,"column":38}},"36":{"start":{"line":78,"column":4},"end":{"line":78,"column":39}},"37":{"start":{"line":80,"column":2},"end":{"line":83,"column":3}},"38":{"start":{"line":81,"column":4},"end":{"line":81,"column":38}},"39":{"start":{"line":82,"column":4},"end":{"line":82,"column":39}},"40":{"start":{"line":84,"column":2},"end":{"line":87,"column":3}},"41":{"start":{"line":85,"column":4},"end":{"line":85,"column":32}},"42":{"start":{"line":86,"column":4},"end":{"line":86,"column":33}},"43":{"start":{"line":89,"column":20},"end":{"line":89,"column":57}},"44":{"start":{"line":91,"column":2},"end":{"line":99,"column":4}},"45":{"start":{"line":92,"column":32},"end":{"line":92,"column":52}},"46":{"start":{"line":108,"column":13},"end":{"line":108,"column":26}},"47":{"start":{"line":109,"column":17},"end":{"line":109,"column":79}},"48":{"start":{"line":110,"column":2},"end":{"line":110,"column":46}},"49":{"start":{"line":119,"column":13},"end":{"line":119,"column":26}},"50":{"start":{"line":121,"column":74},"end":{"line":121,"column":84}},"51":{"start":{"line":124,"column":17},"end":{"line":128,"column":3}},"52":{"start":{"line":129,"column":22},"end":{"line":129,"column":35}},"53":{"start":{"line":132,"column":24},"end":{"line":132,"column":56}},"54":{"start":{"line":133,"column":2},"end":{"line":133,"column":53}},"55":{"start":{"line":135,"column":2},"end":{"line":135,"column":23}},"56":{"start":{"line":145,"column":13},"end":{"line":145,"column":26}},"57":{"start":{"line":148,"column":25},"end":{"line":148,"column":54}},"58":{"start":{"line":149,"column":2},"end":{"line":151,"column":3}},"59":{"start":{"line":150,"column":4},"end":{"line":150,"column":16}},"60":{"start":{"line":154,"column":24},"end":{"line":154,"column":103}},"61":{"start":{"line":155,"column":18},"end":{"line":155,"column":20}},"62":{"start":{"line":156,"column":17},"end":{"line":156,"column":19}},"63":{"start":{"line":158,"column":2},"end":{"line":163,"column":3}},"64":{"start":{"line":159,"column":4},"end":{"line":162,"column":5}},"65":{"start":{"line":160,"column":6},"end":{"line":160,"column":33}},"66":{"start":{"line":161,"column":6},"end":{"line":161,"column":25}},"67":{"start":{"line":165,"column":2},"end":{"line":167,"column":3}},"68":{"start":{"line":166,"column":4},"end":{"line":166,"column":26}},"69":{"start":{"line":169,"column":2},"end":{"line":169,"column":49}},"70":{"start":{"line":170,"column":2},"end":{"line":170,"column":24}},"71":{"start":{"line":172,"column":2},"end":{"line":175,"column":4}},"72":{"start":{"line":178,"column":2},"end":{"line":185,"column":3}},"73":{"start":{"line":179,"column":4},"end":{"line":184,"column":5}},"74":{"start":{"line":180,"column":6},"end":{"line":183,"column":8}},"75":{"start":{"line":187,"column":24},"end":{"line":187,"column":53}},"76":{"start":{"line":188,"column":2},"end":{"line":188,"column":50}},"77":{"start":{"line":190,"column":2},"end":{"line":190,"column":23}},"78":{"start":{"line":199,"column":13},"end":{"line":199,"column":26}},"79":{"start":{"line":202,"column":25},"end":{"line":202,"column":54}},"80":{"start":{"line":203,"column":2},"end":{"line":205,"column":3}},"81":{"start":{"line":204,"column":4},"end":{"line":204,"column":17}},"82":{"start":{"line":207,"column":2},"end":{"line":207,"column":63}},"83":{"start":{"line":208,"column":2},"end":{"line":208,"column":50}},"84":{"start":{"line":210,"column":2},"end":{"line":210,"column":14}},"85":{"start":{"line":218,"column":13},"end":{"line":218,"column":26}},"86":{"start":{"line":220,"column":16},"end":{"line":220,"column":69}},"87":{"start":{"line":221,"column":21},"end":{"line":221,"column":37}},"88":{"start":{"line":223,"column":19},"end":{"line":227,"column":4}},"89":{"start":{"line":229,"column":24},"end":{"line":233,"column":4}},"90":{"start":{"line":237,"column":14},"end":{"line":237,"column":23}},"91":{"start":{"line":238,"column":4},"end":{"line":238,"column":53}},"92":{"start":{"line":238,"column":29},"end":{"line":238,"column":53}},"93":{"start":{"line":239,"column":4},"end":{"line":239,"column":31}},"94":{"start":{"line":239,"column":16},"end":{"line":239,"column":31}},"95":{"start":{"line":240,"column":4},"end":{"line":240,"column":32}},"96":{"start":{"line":240,"column":17},"end":{"line":240,"column":32}},"97":{"start":{"line":241,"column":4},"end":{"line":241,"column":31}},"98":{"start":{"line":241,"column":17},"end":{"line":241,"column":31}},"99":{"start":{"line":242,"column":4},"end":{"line":242,"column":21}},"100":{"start":{"line":245,"column":28},"end":{"line":251,"column":3}},"101":{"start":{"line":253,"column":2},"end":{"line":256,"column":3}},"102":{"start":{"line":254,"column":18},"end":{"line":254,"column":45}},"103":{"start":{"line":255,"column":4},"end":{"line":255,"column":75}},"104":{"start":{"line":259,"column":2},"end":{"line":261,"column":3}},"105":{"start":{"line":260,"column":4},"end":{"line":260,"column":47}},"106":{"start":{"line":263,"column":28},"end":{"line":265,"column":3}},"107":{"start":{"line":264,"column":54},"end":{"line":264,"column":94}},"108":{"start":{"line":267,"column":21},"end":{"line":271,"column":4}},"109":{"start":{"line":273,"column":2},"end":{"line":297,"column":4}},"110":{"start":{"line":277,"column":24},"end":{"line":277,"column":43}},"111":{"start":{"line":283,"column":26},"end":{"line":283,"column":66}},"112":{"start":{"line":288,"column":26},"end":{"line":288,"column":79}},"113":{"start":{"line":294,"column":28},"end":{"line":294,"column":104}},"114":{"start":{"line":307,"column":20},"end":{"line":318,"column":3}},"115":{"start":{"line":322,"column":2},"end":{"line":324,"column":3}},"116":{"start":{"line":323,"column":4},"end":{"line":323,"column":47}},"117":{"start":{"line":326,"column":2},"end":{"line":328,"column":3}},"118":{"start":{"line":327,"column":4},"end":{"line":327,"column":43}},"119":{"start":{"line":330,"column":2},"end":{"line":330,"column":19}},"120":{"start":{"line":333,"column":0},"end":{"line":340,"column":2}}},"fnMap":{"0":{"name":"getAllTickets","decl":{"start":{"line":15,"column":15},"end":{"line":15,"column":28}},"loc":{"start":{"line":15,"column":43},"end":{"line":100,"column":1}},"line":15},"1":{"name":"(anonymous_1)","decl":{"start":{"line":92,"column":22},"end":{"line":92,"column":23}},"loc":{"start":{"line":92,"column":32},"end":{"line":92,"column":52}},"line":92},"2":{"name":"getTicketById","decl":{"start":{"line":107,"column":15},"end":{"line":107,"column":28}},"loc":{"start":{"line":107,"column":39},"end":{"line":111,"column":1}},"line":107},"3":{"name":"createTicket","decl":{"start":{"line":118,"column":15},"end":{"line":118,"column":27}},"loc":{"start":{"line":118,"column":40},"end":{"line":136,"column":1}},"line":118},"4":{"name":"updateTicket","decl":{"start":{"line":144,"column":15},"end":{"line":144,"column":27}},"loc":{"start":{"line":144,"column":50},"end":{"line":191,"column":1}},"line":144},"5":{"name":"deleteTicket","decl":{"start":{"line":198,"column":15},"end":{"line":198,"column":27}},"loc":{"start":{"line":198,"column":38},"end":{"line":211,"column":1}},"line":198},"6":{"name":"getTicketStats","decl":{"start":{"line":217,"column":15},"end":{"line":217,"column":29}},"loc":{"start":{"line":217,"column":32},"end":{"line":298,"column":1}},"line":217},"7":{"name":"priorityLabel","decl":{"start":{"line":236,"column":11},"end":{"line":236,"column":24}},"loc":{"start":{"line":236,"column":28},"end":{"line":243,"column":3}},"line":236},"8":{"name":"(anonymous_8)","decl":{"start":{"line":264,"column":42},"end":{"line":264,"column":43}},"loc":{"start":{"line":264,"column":54},"end":{"line":264,"column":94}},"line":264},"9":{"name":"(anonymous_9)","decl":{"start":{"line":277,"column":19},"end":{"line":277,"column":20}},"loc":{"start":{"line":277,"column":24},"end":{"line":277,"column":43}},"line":277},"10":{"name":"(anonymous_10)","decl":{"start":{"line":283,"column":21},"end":{"line":283,"column":22}},"loc":{"start":{"line":283,"column":26},"end":{"line":283,"column":66}},"line":283},"11":{"name":"(anonymous_11)","decl":{"start":{"line":288,"column":21},"end":{"line":288,"column":22}},"loc":{"start":{"line":288,"column":26},"end":{"line":288,"column":79}},"line":288},"12":{"name":"(anonymous_12)","decl":{"start":{"line":294,"column":23},"end":{"line":294,"column":24}},"loc":{"start":{"line":294,"column":28},"end":{"line":294,"column":104}},"line":294},"13":{"name":"formatTicket","decl":{"start":{"line":306,"column":9},"end":{"line":306,"column":21}},"loc":{"start":{"line":306,"column":30},"end":{"line":331,"column":1}},"line":306}},"branchMap":{"0":{"loc":{"start":{"line":15,"column":29},"end":{"line":15,"column":41}},"type":"default-arg","locations":[{"start":{"line":15,"column":39},"end":{"line":15,"column":41}}],"line":15},"1":{"loc":{"start":{"line":22,"column":2},"end":{"line":25,"column":3}},"type":"if","locations":[{"start":{"line":22,"column":2},"end":{"line":25,"column":3}},{"start":{},"end":{}}],"line":22},"2":{"loc":{"start":{"line":28,"column":2},"end":{"line":31,"column":3}},"type":"if","locations":[{"start":{"line":28,"column":2},"end":{"line":31,"column":3}},{"start":{},"end":{}}],"line":28},"3":{"loc":{"start":{"line":34,"column":2},"end":{"line":37,"column":3}},"type":"if","locations":[{"start":{"line":34,"column":2},"end":{"line":37,"column":3}},{"start":{},"end":{}}],"line":34},"4":{"loc":{"start":{"line":40,"column":2},"end":{"line":43,"column":3}},"type":"if","locations":[{"start":{"line":40,"column":2},"end":{"line":43,"column":3}},{"start":{},"end":{}}],"line":40},"5":{"loc":{"start":{"line":46,"column":2},"end":{"line":49,"column":3}},"type":"if","locations":[{"start":{"line":46,"column":2},"end":{"line":49,"column":3}},{"start":{},"end":{}}],"line":46},"6":{"loc":{"start":{"line":52,"column":17},"end":{"line":52,"column":47}},"type":"binary-expr","locations":[{"start":{"line":52,"column":17},"end":{"line":52,"column":31}},{"start":{"line":52,"column":35},"end":{"line":52,"column":47}}],"line":52},"7":{"loc":{"start":{"line":53,"column":20},"end":{"line":53,"column":64}},"type":"cond-expr","locations":[{"start":{"line":53,"column":50},"end":{"line":53,"column":55}},{"start":{"line":53,"column":58},"end":{"line":53,"column":64}}],"line":53},"8":{"loc":{"start":{"line":56,"column":2},"end":{"line":58,"column":3}},"type":"if","locations":[{"start":{"line":56,"column":2},"end":{"line":58,"column":3}},{"start":{},"end":{}}],"line":56},"9":{"loc":{"start":{"line":61,"column":25},"end":{"line":61,"column":55}},"type":"binary-expr","locations":[{"start":{"line":61,"column":25},"end":{"line":61,"column":48}},{"start":{"line":61,"column":52},"end":{"line":61,"column":55}}],"line":61},"10":{"loc":{"start":{"line":62,"column":17},"end":{"line":62,"column":46}},"type":"binary-expr","locations":[{"start":{"line":62,"column":17},"end":{"line":62,"column":41}},{"start":{"line":62,"column":45},"end":{"line":62,"column":46}}],"line":62},"11":{"loc":{"start":{"line":72,"column":2},"end":{"line":75,"column":3}},"type":"if","locations":[{"start":{"line":72,"column":2},"end":{"line":75,"column":3}},{"start":{},"end":{}}],"line":72},"12":{"loc":{"start":{"line":76,"column":2},"end":{"line":79,"column":3}},"type":"if","locations":[{"start":{"line":76,"column":2},"end":{"line":79,"column":3}},{"start":{},"end":{}}],"line":76},"13":{"loc":{"start":{"line":80,"column":2},"end":{"line":83,"column":3}},"type":"if","locations":[{"start":{"line":80,"column":2},"end":{"line":83,"column":3}},{"start":{},"end":{}}],"line":80},"14":{"loc":{"start":{"line":84,"column":2},"end":{"line":87,"column":3}},"type":"if","locations":[{"start":{"line":84,"column":2},"end":{"line":87,"column":3}},{"start":{},"end":{}}],"line":84},"15":{"loc":{"start":{"line":110,"column":9},"end":{"line":110,"column":45}},"type":"cond-expr","locations":[{"start":{"line":110,"column":18},"end":{"line":110,"column":38}},{"start":{"line":110,"column":41},"end":{"line":110,"column":45}}],"line":110},"16":{"loc":{"start":{"line":127,"column":6},"end":{"line":127,"column":19}},"type":"binary-expr","locations":[{"start":{"line":127,"column":6},"end":{"line":127,"column":11}},{"start":{"line":127,"column":15},"end":{"line":127,"column":19}}],"line":127},"17":{"loc":{"start":{"line":127,"column":21},"end":{"line":127,"column":40}},"type":"binary-expr","locations":[{"start":{"line":127,"column":21},"end":{"line":127,"column":32}},{"start":{"line":127,"column":36},"end":{"line":127,"column":40}}],"line":127},"18":{"loc":{"start":{"line":127,"column":42},"end":{"line":127,"column":57}},"type":"binary-expr","locations":[{"start":{"line":127,"column":42},"end":{"line":127,"column":50}},{"start":{"line":127,"column":54},"end":{"line":127,"column":57}}],"line":127},"19":{"loc":{"start":{"line":127,"column":59},"end":{"line":127,"column":81}},"type":"binary-expr","locations":[{"start":{"line":127,"column":59},"end":{"line":127,"column":67}},{"start":{"line":127,"column":71},"end":{"line":127,"column":81}}],"line":127},"20":{"loc":{"start":{"line":127,"column":83},"end":{"line":127,"column":97}},"type":"binary-expr","locations":[{"start":{"line":127,"column":83},"end":{"line":127,"column":89}},{"start":{"line":127,"column":93},"end":{"line":127,"column":97}}],"line":127},"21":{"loc":{"start":{"line":127,"column":99},"end":{"line":127,"column":114}},"type":"binary-expr","locations":[{"start":{"line":127,"column":99},"end":{"line":127,"column":106}},{"start":{"line":127,"column":110},"end":{"line":127,"column":114}}],"line":127},"22":{"loc":{"start":{"line":149,"column":2},"end":{"line":151,"column":3}},"type":"if","locations":[{"start":{"line":149,"column":2},"end":{"line":151,"column":3}},{"start":{},"end":{}}],"line":149},"23":{"loc":{"start":{"line":159,"column":4},"end":{"line":162,"column":5}},"type":"if","locations":[{"start":{"line":159,"column":4},"end":{"line":162,"column":5}},{"start":{},"end":{}}],"line":159},"24":{"loc":{"start":{"line":159,"column":8},"end":{"line":159,"column":58}},"type":"binary-expr","locations":[{"start":{"line":159,"column":8},"end":{"line":159,"column":35}},{"start":{"line":159,"column":39},"end":{"line":159,"column":58}}],"line":159},"25":{"loc":{"start":{"line":165,"column":2},"end":{"line":167,"column":3}},"type":"if","locations":[{"start":{"line":165,"column":2},"end":{"line":167,"column":3}},{"start":{},"end":{}}],"line":165},"26":{"loc":{"start":{"line":178,"column":2},"end":{"line":185,"column":3}},"type":"if","locations":[{"start":{"line":178,"column":2},"end":{"line":185,"column":3}},{"start":{},"end":{}}],"line":178},"27":{"loc":{"start":{"line":179,"column":4},"end":{"line":184,"column":5}},"type":"if","locations":[{"start":{"line":179,"column":4},"end":{"line":184,"column":5}},{"start":{},"end":{}}],"line":179},"28":{"loc":{"start":{"line":179,"column":8},"end":{"line":179,"column":67}},"type":"binary-expr","locations":[{"start":{"line":179,"column":8},"end":{"line":179,"column":38}},{"start":{"line":179,"column":42},"end":{"line":179,"column":67}}],"line":179},"29":{"loc":{"start":{"line":203,"column":2},"end":{"line":205,"column":3}},"type":"if","locations":[{"start":{"line":203,"column":2},"end":{"line":205,"column":3}},{"start":{},"end":{}}],"line":203},"30":{"loc":{"start":{"line":221,"column":21},"end":{"line":221,"column":37}},"type":"binary-expr","locations":[{"start":{"line":221,"column":21},"end":{"line":221,"column":32}},{"start":{"line":221,"column":36},"end":{"line":221,"column":37}}],"line":221},"31":{"loc":{"start":{"line":238,"column":4},"end":{"line":238,"column":53}},"type":"if","locations":[{"start":{"line":238,"column":4},"end":{"line":238,"column":53}},{"start":{},"end":{}}],"line":238},"32":{"loc":{"start":{"line":239,"column":4},"end":{"line":239,"column":31}},"type":"if","locations":[{"start":{"line":239,"column":4},"end":{"line":239,"column":31}},{"start":{},"end":{}}],"line":239},"33":{"loc":{"start":{"line":240,"column":4},"end":{"line":240,"column":32}},"type":"if","locations":[{"start":{"line":240,"column":4},"end":{"line":240,"column":32}},{"start":{},"end":{}}],"line":240},"34":{"loc":{"start":{"line":241,"column":4},"end":{"line":241,"column":31}},"type":"if","locations":[{"start":{"line":241,"column":4},"end":{"line":241,"column":31}},{"start":{},"end":{}}],"line":241},"35":{"loc":{"start":{"line":255,"column":32},"end":{"line":255,"column":61}},"type":"binary-expr","locations":[{"start":{"line":255,"column":32},"end":{"line":255,"column":56}},{"start":{"line":255,"column":60},"end":{"line":255,"column":61}}],"line":255},"36":{"loc":{"start":{"line":259,"column":2},"end":{"line":261,"column":3}},"type":"if","locations":[{"start":{"line":259,"column":2},"end":{"line":261,"column":3}},{"start":{},"end":{}}],"line":259},"37":{"loc":{"start":{"line":283,"column":27},"end":{"line":283,"column":56}},"type":"binary-expr","locations":[{"start":{"line":283,"column":27},"end":{"line":283,"column":37}},{"start":{"line":283,"column":41},"end":{"line":283,"column":56}}],"line":283},"38":{"loc":{"start":{"line":294,"column":30},"end":{"line":294,"column":59}},"type":"binary-expr","locations":[{"start":{"line":294,"column":30},"end":{"line":294,"column":40}},{"start":{"line":294,"column":44},"end":{"line":294,"column":59}}],"line":294},"39":{"loc":{"start":{"line":322,"column":2},"end":{"line":324,"column":3}},"type":"if","locations":[{"start":{"line":322,"column":2},"end":{"line":324,"column":3}},{"start":{},"end":{}}],"line":322},"40":{"loc":{"start":{"line":326,"column":2},"end":{"line":328,"column":3}},"type":"if","locations":[{"start":{"line":326,"column":2},"end":{"line":328,"column":3}},{"start":{},"end":{}}],"line":326},"41":{"loc":{"start":{"line":326,"column":6},"end":{"line":326,"column":52}},"type":"binary-expr","locations":[{"start":{"line":326,"column":6},"end":{"line":326,"column":32}},{"start":{"line":326,"column":36},"end":{"line":326,"column":52}}],"line":326}},"s":{"0":1,"1":0,"2":0,"3":0,"4":0,"5":0,"6":0,"7":0,"8":0,"9":0,"10":0,"11":0,"12":0,"13":0,"14":0,"15":0,"16":0,"17":0,"18":0,"19":0,"20":0,"21":0,"22":0,"23":0,"24":0,"25":0,"26":0,"27":0,"28":0,"29":0,"30":0,"31":0,"32":0,"33":0,"34":0,"35":0,"36":0,"37":0,"38":0,"39":0,"40":0,"41":0,"42":0,"43":0,"44":0,"45":0,"46":0,"47":0,"48":0,"49":0,"50":0,"51":0,"52":0,"53":0,"54":0,"55":0,"56":0,"57":0,"58":0,"59":0,"60":0,"61":0,"62":0,"63":0,"64":0,"65":0,"66":0,"67":0,"68":0,"69":0,"70":0,"71":0,"72":0,"73":0,"74":0,"75":0,"76":0,"77":0,"78":0,"79":0,"80":0,"81":0
[...]
,"/mnt/c/Users/upskill252/Downloads/M10projeto-main/server/src/routes/authRoutes.js": {"path":"/mnt/c/Users/upskill252/Downloads/M10projeto-main/server/src/routes/authRoutes.js","statementMap":{"0":{"start":{"line":5,"column":16},"end":{"line":5,"column":34}},"1":{"start":{"line":6,"column":17},"end":{"line":6,"column":45}},"2":{"start":{"line":7,"column":23},"end":{"line":7,"column":63}},"3":{"start":{"line":8,"column":25},"end":{"line":8,"column":66}},"4":{"start":{"line":9,"column":24},"end":{"line":9,"column":60}},"5":{"start":{"line":11,"column":15},"end":{"line":11,"column":31}},"6":{"start":{"line":13,"column":0},"end":{"line":20,"column":2}},"7":{"start":{"line":22,"column":0},"end":{"line":30,"column":2}},"8":{"start":{"line":32,"column":0},"end":{"line":32,"column":50}},"9":{"start":{"line":33,"column":0},"end":{"line":33,"column":59}},"10":{"start":{"line":35,"column":0},"end":{"line":35,"column":24}}},"fnMap":{},"branchMap":{},"s":{"0":1,"1":1,"2":1,"3":1,"4":1,"5":1,"6":1,"7":1,"8":1,"9":1,"10":1},"f":{},"b":{},"_coverageSchema":"1a1c01bbd47fc00a2c39e90264f33305004495a9","hash":"3df8d84c20df5fa1deef3cd85cd864484f8dc315"}
,"/mnt/c/Users/upskill252/Downloads/M10projeto-main/server/src/routes/healthRoutes.js": {"path":"/mnt/c/Users/upskill252/Downloads/M10projeto-main/server/src/routes/healthRoutes.js","statementMap":{"0":{"start":{"line":7,"column":16},"end":{"line":7,"column":34}},"1":{"start":{"line":8,"column":15},"end":{"line":8,"column":31}},"2":{"start":{"line":9,"column":25},"end":{"line":9,"column":67}},"3":{"start":{"line":15,"column":0},"end":{"line":15,"column":44}},"4":{"start":{"line":17,"column":0},"end":{"line":17,"column":24}}},"fnMap":{},"branchMap":{},"s":{"0":1,"1":1,"2":1,"3":1,"4":1},"f":{},"b":{},"_coverageSchema":"1a1c01bbd47fc00a2c39e90264f33305004495a9","hash":"19e89060c42e398f1f35e77897afba38eaa16235"}
,"/mnt/c/Users/upskill252/Downloads/M10projeto-main/server/src/routes/secretRoutes.js": {"path":"/mnt/c/Users/upskill252/Downloads/M10projeto-main/server/src/routes/secretRoutes.js","statementMap":{"0":{"start":{"line":1,"column":16},"end":{"line":1,"column":34}},"1":{"start":{"line":2,"column":15},"end":{"line":2,"column":31}},"2":{"start":{"line":3,"column":24},"end":{"line":3,"column":52}},"3":{"start":{"line":5,"column":25},"end":{"line":5,"column":67}},"4":{"start":{"line":8,"column":0},"end":{"line":11,"column":34}},"5":{"start":{"line":14,"column":0},"end":{"line":16,"column":31}},"6":{"start":{"line":18,"column":0},"end":{"line":18,"column":24}}},"fnMap":{},"branchMap":{},"s":{"0":1,"1":1,"2":1,"3":1,"4":1,"5":1,"6":1},"f":{},"b":{},"_coverageSchema":"1a1c01bbd47fc00a2c39e90264f33305004495a9","hash":"e69ce20a9b285bff9a9255a808ec8a255901d703"}
,"/mnt/c/Users/upskill252/Downloads/M10projeto-main/server/src/routes/statsRoutes.js": {"path":"/mnt/c/Users/upskill252/Downloads/M10projeto-main/server/src/routes/statsRoutes.js","statementMap":{"0":{"start":{"line":7,"column":16},"end":{"line":7,"column":34}},"1":{"start":{"line":8,"column":15},"end":{"line":8,"column":31}},"2":{"start":{"line":9,"column":24},"end":{"line":9,"column":65}},"3":{"start":{"line":22,"column":0},"end":{"line":22,"column":51}},"4":{"start":{"line":24,"column":0},"end":{"line":24,"column":24}}},"fnMap":{},"branchMap":{},"s":{"0":1,"1":1,"2":1,"3":1,"4":1},"f":{},"b":{},"_coverageSchema":"1a1c01bbd47fc00a2c39e90264f33305004495a9","hash":"7d71d42f31794aff23649fba5de76a2e24c528e8"}
,"/mnt/c/Users/upskill252/Downloads/M10projeto-main/server/src/routes/systemRoutes.js": {"path":"/mnt/c/Users/upskill252/Downloads/M10projeto-main/server/src/routes/systemRoutes.js","statementMap":{"0":{"start":{"line":1,"column":16},"end":{"line":1,"column":34}},"1":{"start":{"line":2,"column":15},"end":{"line":2,"column":31}},"2":{"start":{"line":4,"column":25},"end":{"line":4,"column":67}},"3":{"start":{"line":7,"column":0},"end":{"line":7,"column":54}},"4":{"start":{"line":9,"column":0},"end":{"line":9,"column":24}}},"fnMap":{},"branchMap":{},"s":{"0":1,"1":1,"2":1,"3":1,"4":1},"f":{},"b":{},"_coverageSchema":"1a1c01bbd47fc00a2c39e90264f33305004495a9","hash":"d8df348ab6b70d59117790535539506541156de9"}
,"/mnt/c/Users/upskill252/Downloads/M10projeto-main/server/src/routes/ticketRoutes.js": {"path":"/mnt/c/Users/upskill252/Downloads/M10projeto-main/server/src/routes/ticketRoutes.js","statementMap":{"0":{"start":{"line":8,"column":16},"end":{"line":8,"column":34}},"1":{"start":{"line":9,"column":15},"end":{"line":9,"column":31}},"2":{"start":{"line":10,"column":25},"end":{"line":10,"column":67}},"3":{"start":{"line":11,"column":31},"end":{"line":11,"column":59}},"4":{"start":{"line":28,"column":0},"end":{"line":36,"column":2}},"5":{"start":{"line":42,"column":0},"end":{"line":47,"column":2}},"6":{"start":{"line":53,"column":0},"end":{"line":63,"column":2}},"7":{"start":{"line":69,"column":0},"end":{"line":81,"column":2}},"8":{"start":{"line":87,"column":0},"end":{"line":92,"column":2}},"9":{"start":{"line":94,"column":0},"end":{"line":94,"column":24}}},"fnMap":{},"branchMap":{},"s":{"0":1,"1":1,"2":1,"3":1,"4":1,"5":1,"6":1,"7":1,"8":1,"9":1},"f":{},"b":{},"_coverageSchema":"1a1c01bbd47fc00a2c39e90264f33305004495a9","hash":"883a4bb0cf571d4ef2e12793813fe40a37f2ca37"}
,"/mnt/c/Users/upskill252/Downloads/M10projeto-main/server/src/services/seedTickets.js": {"path":"/mnt/c/Users/upskill252/Downloads/M10projeto-main/server/src/services/seedTickets.js","statementMap":{"0":{"start":{"line":7,"column":24},"end":{"line":7,"column":53}},"1":{"start":{"line":10,"column":2},"end":{"line":10,"column":57}},"2":{"start":{"line":14,"column":2},"end":{"line":14,"column":87}},"3":{"start":{"line":18,"column":2},"end":{"line":18,"column":59}},"4":{"start":{"line":22,"column":13},"end":{"line":22,"column":26}},"5":{"start":{"line":23,"column":20},"end":{"line":23,"column":73}},"6":{"start":{"line":25,"column":2},"end":{"line":27,"column":3}},"7":{"start":{"line":26,"column":4},"end":{"line":26,"column":94}},"8":{"start":{"line":29,"column":2},"end":{"line":29,"column":69}},"9":{"start":{"line":31,"column":19},"end":{"line":31,"column":57}},"10":{"start":{"line":32,"column":21},"end":{"line":32,"column":52}},"11":{"start":{"line":33,"column":18},"end":{"line":33,"column":49}},"12":{"start":{"line":34,"column":20},"end":{"line":34,"column":51}},"13":{"start":{"line":35,"column":21},"end":{"line":35,"column":92}},"14":{"start":{"line":36,"column":23},"end":{"line":36,"column":130}},"15":{"start":{"line":38,"column":17},"end":{"line":38,"column":18}},"16":{"start":{"line":39,"column":2},"end":{"line":39,"column":37}},"17":{"start":{"line":41,"column":2},"end":{"line":84,"column":3}},"18":{"start":{"line":42,"column":4},"end":{"line":75,"column":5}},"19":{"start":{"line":42,"column":17},"end":{"line":42,"column":18}},"20":{"start":{"line":43,"column":21},"end":{"line":43,"column":41}},"21":{"start":{"line":44,"column":24},"end":{"line":44,"column":80}},"22":{"start":{"line":45,"column":23},"end":{"line":45,"column":27}},"23":{"start":{"line":46,"column":21},"end":{"line":46,"column":25}},"24":{"start":{"line":48,"column":6},"end":{"line":51,"column":7}},"25":{"start":{"line":49,"column":8},"end":{"line":49,"column":82}},"26":{"start":{"line":50,"column":8},"end":{"line":50,"column":80}},"27":{"start":{"line":53,"column":24},"end":{"line":53,"column":59}},"28":{"start":{"line":55,"column":6},"end":{"line":72,"column":8}},"29":{"start":{"line":74,"column":6},"end":{"line":74,"column":17}},"30":{"start":{"line":77,"column":4},"end":{"line":77,"column":28}},"31":{"start":{"line":78,"column":4},"end":{"line":78,"column":53}},"32":{"start":{"line":81,"column":4},"end":{"line":81,"column":30}},"33":{"start":{"line":82,"column":4},"end":{"line":82,"column":51}},"34":{"start":{"line":83,"column":4},"end":{"line":83,"column":16}},"35":{"start":{"line":87,"column":0},"end":{"line":87,"column":40}}},"fnMap":{"0":{"name":"pickRandom","decl":{"start":{"line":9,"column":9},"end":{"line":9,"column":19}},"loc":{"start":{"line":9,"column":27},"end":{"line":11,"column":1}},"line":9},"1":{"name":"randomDate","decl":{"start":{"line":13,"column":9},"end":{"line":13,"column":19}},"loc":{"start":{"line":13,"column":32},"end":{"line":15,"column":1}},"line":13},"2":{"name":"randomDays","decl":{"start":{"line":17,"column":9},"end":{"line":17,"column":19}},"loc":{"start":{"line":17,"column":30},"end":{"line":19,"column":1}},"line":17},"3":{"name":"seedTicketsIfEmpty","decl":{"start":{"line":21,"column":15},"end":{"line":21,"column":33}},"loc":{"start":{"line":21,"column":54},"end":{"line":85,"column":1}},"line":21}},"branchMap":{"0":{"loc":{"start":{"line":21,"column":34},"end":{"line":21,"column":52}},"type":"default-arg","locations":[{"start":{"line":21,"column":49},"end":{"line":21,"column":52}}],"line":21},"1":{"loc":{"start":{"line":25,"column":2},"end":{"line":27,"column":3}},"type":"if","locations":[{"start":{"line":25,"column":2},"end":{"line":27,"column":3}},{"start":{},"end":{}}],"line":25},"2":{"loc":{"start":{"line":48,"column":6},"end":{"line":51,"column":7}},"type":"if","locations":[{"start":{"line":48,"column":6},"end":{"line":51,"column":7}},{"start":{},"end":{}}],"line":48},"3":{"loc":{"start":{"line":53,"column":24},"end":{"line":53,"column":59}},"type":"binary-expr","locations":[{"start":{"line":53,"column":24},"end":{"line":53,"column":32}},{"start":{"line":53,"column":36},"end":{"line":53,"column":46}},{"start":{"line":53,"column":50},"end":{"line":53,"column":59}}],"line":53},"4":{"loc":{"start":{"line":68,"column":10},"end":{"line":68,"column":54}},"type":"cond-expr","locations":[{"start":{"line":68,"column":23},"end":{"line":68,"column":47}},{"start":{"line":68,"column":50},"end":{"line":68,"column":54}}],"line":68},"5":{"loc":{"start":{"line":69,"column":10},"end":{"line":69,"column":50}},"type":"cond-expr","locations":[{"start":{"line":69,"column":21},"end":{"line":69,"column":43}},{"start":{"line":69,"column":46},"end":{"line":69,"column":50}}],"line":69}},"s":{"0":1,"1":600,"2":100,"3":72,"4":1,"5":1,"6":1,"7":0,"8":1,"9":1,"10":1,"11":1,"12":1,"13":1,"14":1,"15":1,"16":1,"17":1,"18":1,"19":1,"20":100,"21":100,"22":100,"23":100,"24":100,"25":36,"26":36,"27":100,"28":100,"29":100,"30":1,"31":1,"32":0,"33":0,"34":0,"35":1},"f":{"0":600,"1":100,"2":72,"3":1},"b":{"0":[1],"1":[0,1],"2":[36,64],"3":[100,64,64],"4":[36,64],"5":[36,64]},"_coverageSchema":"1a1c01bbd47fc00a2c39e90264f33305004495a9","hash":"7ee0e54b7ca84be6096cb24454e32ae7e97dc640"}
,"/mnt/c/Users/upskill252/Downloads/M10projeto-main/server/src/utils/logger.js": {"path":"/mnt/c/Users/upskill252/Downloads/M10projeto-main/server/src/utils/logger.js","statementMap":{"0":{"start":{"line":7,"column":15},"end":{"line":49,"column":1}},"1":{"start":{"line":9,"column":22},"end":{"line":9,"column":46}},"2":{"start":{"line":10,"column":4},"end":{"line":15,"column":8}},"3":{"start":{"line":19,"column":22},"end":{"line":19,"column":46}},"4":{"start":{"line":20,"column":4},"end":{"line":25,"column":8}},"5":{"start":{"line":29,"column":22},"end":{"line":29,"column":46}},"6":{"start":{"line":30,"column":4},"end":{"line":35,"column":8}},"7":{"start":{"line":39,"column":4},"end":{"line":47,"column":5}},"8":{"start":{"line":40,"column":24},"end":{"line":40,"column":48}},"9":{"start":{"line":41,"column":6},"end":{"line":46,"column":10}},"10":{"start":{"line":51,"column":0},"end":{"line":51,"column":24}}},"fnMap":{"0":{"name":"(anonymous_0)","decl":{"start":{"line":8,"column":8},"end":{"line":8,"column":9}},"loc":{"start":{"line":8,"column":32},"end":{"line":16,"column":3}},"line":8},"1":{"name":"(anonymous_1)","decl":{"start":{"line":18,"column":9},"end":{"line":18,"column":10}},"loc":{"start":{"line":18,"column":33},"end":{"line":26,"column":3}},"line":18},"2":{"name":"(anonymous_2)","decl":{"start":{"line":28,"column":8},"end":{"line":28,"column":9}},"loc":{"start":{"line":28,"column":32},"end":{"line":36,"column":3}},"line":28},"3":{"name":"(anonymous_3)","decl":{"start":{"line":38,"column":9},"end":{"line":38,"column":10}},"loc":{"start":{"line":38,"column":33},"end":{"line":48,"column":3}},"line":38}},"branchMap":{"0":{"loc":{"start":{"line":8,"column":18},"end":{"line":8,"column":27}},"type":"default-arg","locations":[{"start":{"line":8,"column":25},"end":{"line":8,"column":27}}],"line":8},"1":{"loc":{"start":{"line":18,"column":19},"end":{"line":18,"column":28}},"type":"default-arg","locations":[{"start":{"line":18,"column":26},"end":{"line":18,"column":28}}],"line":18},"2":{"loc":{"start":{"line":28,"column":18},"end":{"line":28,"column":27}},"type":"default-arg","locations":[{"start":{"line":28,"column":25},"end":{"line":28,"column":27}}],"line":28},"3":{"loc":{"start":{"line":38,"column":19},"end":{"line":38,"column":28}},"type":"default-arg","locations":[{"start":{"line":38,"column":26},"end":{"line":38,"column":28}}],"line":38},"4":{"loc":{"start":{"line":39,"column":4},"end":{"line":47,"column":5}},"type":"if","locations":[{"start":{"line":39,"column":4},"end":{"line":47,"column":5}},{"start":{},"end":{}}],"line":39}},"s":{"0":1,"1":14,"2":14,"3":0,"4":0,"5":0,"6":0,"7":0,"8":0,"9":0,"10":1},"f":{"0":14,"1":0,"2":0,"3":0},"b":{"0":[14],"1":[0],"2":[0],"3":[0],"4":[0,0]},"_coverageSchema":"1a1c01bbd47fc00a2c39e90264f33305004495a9","hash":"77fc1b58daabafec4dbbd7859ba269f04f123e36"}
,"/mnt/c/Users/upskill252/Downloads/M10projeto-main/server/src/utils/password.js": {"path":"/mnt/c/Users/upskill252/Downloads/M10projeto-main/server/src/utils/password.js","statementMap":{"0":{"start":{"line":7,"column":15},"end":{"line":7,"column":34}},"1":{"start":{"line":9,"column":21},"end":{"line":9,"column":58}},"2":{"start":{"line":12,"column":2},"end":{"line":12,"column":49}},"3":{"start":{"line":12,"column":36},"end":{"line":12,"column":49}},"4":{"start":{"line":14,"column":17},"end":{"line":14,"column":37}},"5":{"start":{"line":15,"column":20},"end":{"line":15,"column":39}},"6":{"start":{"line":16,"column":21},"end":{"line":16,"column":50}},"7":{"start":{"line":17,"column":2},"end":{"line":17,"column":43}},"8":{"start":{"line":21,"column":2},"end":{"line":23,"column":3}},"9":{"start":{"line":22,"column":4},"end":{"line":22,"column":44}},"10":{"start":{"line":24,"column":2},"end":{"line":24,"column":45}},"11":{"start":{"line":28,"column":2},"end":{"line":28,"column":85}},"12":{"start":{"line":28,"column":72},"end":{"line":28,"column":85}},"13":{"start":{"line":29,"column":2},"end":{"line":29,"column":48}},"14":{"start":{"line":33,"column":2},"end":{"line":33,"column":119}},"15":{"start":{"line":36,"column":0},"end":{"line":41,"column":2}}},"fnMap":{"0":{"name":"isStrongPassword","decl":{"start":{"line":11,"column":9},"end":{"line":11,"column":25}},"loc":{"start":{"line":11,"column":36},"end":{"line":18,"column":1}},"line":11},"1":{"name":"hashPassword","decl":{"start":{"line":20,"column":15},"end":{"line":20,"column":27}},"loc":{"start":{"line":20,"column":38},"end":{"line":25,"column":1}},"line":20},"2":{"name":"verifyPassword","decl":{"start":{"line":27,"column":15},"end":{"line":27,"column":29}},"loc":{"start":{"line":27,"column":54},"end":{"line":30,"column":1}},"line":27},"3":{"name":"looksLikeHash","decl":{"start":{"line":32,"column":9},"end":{"line":32,"column":22}},"loc":{"start":{"line":32,"column":30},"end":{"line":34,"column":1}},"line":32}},"branchMap":{"0":{"loc":{"start":{"line":9,"column":28},"end":{"line":9,"column":57}},"type":"binary-expr","locations":[{"start":{"line":9,"column":28},"end":{"line":9,"column":51}},{"start":{"line":9,"column":55},"end":{"line":9,"column":57}}],"line":9},"1":{"loc":{"start":{"line":12,"column":2},"end":{"line":12,"column":49}},"type":"if","locations":[{"start":{"line":12,"column":2},"end":{"line":12,"column":49}},{"start":{},"end":{}}],"line":12},"2":{"loc":{"start":{"line":17,"column":9},"end":{"line":17,"column":42}},"type":"binary-expr","locations":[{"start":{"line":17,"column":9},"end":{"line":17,"column":15}},{"start":{"line":17,"column":19},"end":{"line":17,"column":28}},{"start":{"line":17,"column":32},"end":{"line":17,"column":42}}],"line":17},"3":{"loc":{"start":{"line":21,"column":2},"end":{"line":23,"column":3}},"type":"if","locations":[{"start":{"line":21,"column":2},"end":{"line":23,"column":3}},{"start":{},"end":{}}],"line":21},"4":{"loc":{"start":{"line":21,"column":6},"end":{"line":21,"column":59}},"type":"binary-expr","locations":[{"start":{"line":21,"column":6},"end":{"line":21,"column":34}},{"start":{"line":21,"column":38},"end":{"line":21,"column":59}}],"line":21},"5":{"loc":{"start":{"line":28,"column":2},"end":{"line":28,"column":85}},"type":"if","locations":[{"start":{"line":28,"column":2},"end":{"line":28,"column":85}},{"start":{},"end":{}}],"line":28},"6":{"loc":{"start":{"line":28,"column":6},"end":{"line":28,"column":70}},"type":"binary-expr","locations":[{"start":{"line":28,"column":6},"end":{"line":28,"column":34}},{"start":{"line":28,"column":38},"end":{"line":28,"column":70}}],"line":28},"7":{"loc":{"start":{"line":33,"column":9},"end":{"line":33,"column":118}},"type":"binary-expr","locations":[{"start":{"line":33,"column":9},"end":{"line":33,"column":34}},{"start":{"line":33,"column":39},"end":{"line":33,"column":61}},{"start":{"line":33,"column":65},"end":{"line":33,"column":89}},{"start":{"line":33,"column":93},"end":{"line":33,"column":117}}],"line":33}},"s":{"0":1,"1":1,"2":4,"3":0,"4":4,"5":4,"6":4,"7":4,"8":4,"9":0,"10":4,"11":4,"12":0,"13":4,"14":0,"15":1},"f":{"0":4,"1":4,"2":4,"3":0},"b":{"0":[1,1],"1":[0,4],"2":[4,4,4],"3":[0,4],"4":[4,4],"5":[0,4],"6":[4,4],"7":[0,0,0,0]},"_coverageSchema":"1a1c01bbd47fc00a2c39e90264f33305004495a9","hash":"8f4a026e586740f752763b1ff2b02ed839a7bd28"}
,"/mnt/c/Users/upskill252/Downloads/M10projeto-main/server/src/utils/securityLog.js": {"path":"/mnt/c/Users/upskill252/Downloads/M10projeto-main/server/src/utils/securityLog.js","statementMap":{"0":{"start":{"line":7,"column":11},"end":{"line":7,"column":30}},"1":{"start":{"line":8,"column":13},"end":{"line":8,"column":28}},"2":{"start":{"line":10,"column":17},"end":{"line":10,"column":64}},"3":{"start":{"line":13,"column":2},"end":{"line":23,"column":3}},"4":{"start":{"line":14,"column":4},"end":{"line":14,"column":47}},"5":{"start":{"line":15,"column":17},"end":{"line":19,"column":6}},"6":{"start":{"line":20,"column":4},"end":{"line":20,"column":55}},"7":{"start":{"line":26,"column":0},"end":{"line":26,"column":48}}},"fnMap":{"0":{"name":"writeSecurityLog","decl":{"start":{"line":12,"column":15},"end":{"line":12,"column":31}},"loc":{"start":{"line":12,"column":50},"end":{"line":24,"column":1}},"line":12}},"branchMap":{"0":{"loc":{"start":{"line":12,"column":39},"end":{"line":12,"column":48}},"type":"default-arg","locations":[{"start":{"line":12,"column":46},"end":{"line":12,"column":48}}],"line":12}},"s":{"0":1,"1":1,"2":1,"3":4,"4":4,"5":4,"6":4,"7":1},"f":{"0":4},"b":{"0":[0]},"_coverageSchema":"1a1c01bbd47fc00a2c39e90264f33305004495a9","hash":"d21cebc6f62064514d81903001d6a52953e33935"}
}
