TN:
SF:src/app.js
FN:34,(anonymous_0)
FN:44,(anonymous_1)
FN:54,(anonymous_2)
FN:63,(anonymous_3)
FN:77,(anonymous_4)
FN:78,(anonymous_5)
FNF:6
FNH:2
FNDA:1,(anonymous_0)
FNDA:0,(anonymous_1)
FNDA:12,(anonymous_2)
FNDA:0,(anonymous_3)
FNDA:0,(anonymous_4)
FNDA:0,(anonymous_5)
DA:1,1
DA:2,1
DA:3,1
DA:4,1
DA:5,1
DA:6,1
DA:7,1
DA:9,1
DA:11,1
DA:12,1
DA:14,1
DA:15,1
DA:16,1
DA:17,1
DA:18,1
DA:19,1
DA:21,1
DA:22,1
DA:24,1
DA:25,1
DA:27,1
DA:30,1
DA:33,1
DA:35,1
DA:37,1
DA:38,1
DA:39,1
DA:41,0
DA:45,0
DA:46,0
DA:50,1
DA:51,1
DA:52,1
DA:53,1
DA:54,12
DA:57,1
DA:60,1
DA:63,1
DA:65,1
DA:66,1
DA:67,1
DA:68,1
DA:71,1
DA:74,1
DA:77,1
DA:78,1
DA:79,0
DA:80,0
DA:83,1
LF:49
LH:44
BRDA:38,0,0,1
BRDA:38,0,1,0
BRDA:41,1,0,0
BRDA:41,1,1,0
BRDA:80,2,0,0
BRDA:80,2,1,0
BRDA:80,3,0,0
BRDA:80,3,1,0
BRDA:80,4,0,0
BRDA:80,4,1,0
BRDA:80,5,0,0
BRDA:80,5,1,0
BRF:12
BRH:1
end_of_record
TN:
SF:src/config/database.js
FN:20,initializeDatabase
FN:62,(anonymous_1)
FN:117,getDatabase
FN:122,closeDatabase
FNF:4
FNH:4
FNDA:2,initializeDatabase
FNDA:8,(anonymous_1)
FNDA:35,getDatabase
FNDA:1,closeDatabase
DA:7,1
DA:8,1
DA:9,1
DA:10,1
DA:11,1
DA:13,1
DA:15,1
DA:21,2
DA:22,2
DA:24,2
DA:29,2
DA:32,2
DA:50,2
DA:61,2
DA:62,8
DA:63,2
DA:64,0
DA:68,2
DA:81,2
DA:92,2
DA:97,2
DA:103,2
DA:108,2
DA:110,2
DA:112,0
DA:113,0
DA:118,35
DA:119,35
DA:123,1
DA:124,1
DA:125,1
DA:126,1
DA:130,1
LF:33
LH:30
BRDA:13,0,0,1
BRDA:13,0,1,0
BRDA:62,1,0,8
BRDA:62,1,1,8
BRDA:63,2,0,0
BRDA:63,2,1,2
BRDA:118,3,0,0
BRDA:118,3,1,35
BRDA:123,4,0,1
BRDA:123,4,1,0
BRF:10
BRH:6
end_of_record
TN:
SF:src/controllers/authController.js
FN:16,isAdminEmail
FN:20,(anonymous_1)
FN:25,register
FN:64,login
FN:113,me
FN:117,logout
FNF:6
FNH:4
FNDA:4,isAdminEmail
FNDA:4,(anonymous_1)
FNDA:4,register
FNDA:4,login
FNDA:0,me
FNDA:0,logout
DA:10,1
DA:11,1
DA:12,1
DA:13,1
DA:14,1
DA:17,4
DA:18,4
DA:20,4
DA:22,4
DA:26,4
DA:27,4
DA:28,4
DA:30,4
DA:31,4
DA:33,4
DA:34,0
DA:40,4
DA:41,4
DA:42,0
DA:45,4
DA:46,4
DA:49,4
DA:50,0
DA:53,4
DA:60,0
DA:65,4
DA:66,4
DA:67,4
DA:68,0
DA:71,4
DA:72,4
DA:75,4
DA:76,4
DA:77,0
DA:78,0
DA:85,4
DA:86,4
DA:87,0
DA:88,0
DA:95,4
DA:97,4
DA:98,4
DA:100,4
DA:102,4
DA:109,0
DA:114,0
DA:118,0
DA:119,0
DA:120,0
DA:122,0
DA:126,1
LF:51
LH:36
BRDA:17,0,0,4
BRDA:17,0,1,4
BRDA:28,1,0,0
BRDA:28,1,1,4
BRDA:30,2,0,4
BRDA:30,2,1,0
BRDA:31,3,0,4
BRDA:31,3,1,0
BRDA:33,4,0,0
BRDA:33,4,1,4
BRDA:41,5,0,0
BRDA:41,5,1,4
BRDA:49,6,0,0
BRDA:49,6,1,4
BRDA:49,7,0,4
BRDA:49,7,1,0
BRDA:67,8,0,0
BRDA:67,8,1,4
BRDA:71,9,0,4
BRDA:71,9,1,0
BRDA:72,10,0,4
BRDA:72,10,1,0
BRDA:76,11,0,0
BRDA:76,11,1,4
BRDA:86,12,0,0
BRDA:86,12,1,4
BRDA:98,13,0,4
BRDA:98,13,1,4
BRF:28
BRH:16
end_of_record
TN:
SF:src/controllers/healthController.js
FN:13,getHealth
FN:30,(anonymous_1)
FNF:2
FNH:0
FNDA:0,getHealth
FNDA:0,(anonymous_1)
DA:7,1
DA:14,0
DA:15,0
DA:16,0
DA:18,0
DA:30,0
DA:37,1
LF:7
LH:2
BRF:0
BRH:0
end_of_record
TN:
SF:src/controllers/secretController.js
FN:8,createSecret
FN:35,getSecret
FNF:2
FNH:2
FNDA:1,createSecret
FNDA:1,getSecret
DA:1,1
DA:2,1
DA:9,1
DA:10,1
DA:11,1
DA:13,1
DA:14,1
DA:15,1
DA:17,1
DA:18,1
DA:26,0
DA:36,1
DA:37,1
DA:38,1
DA:40,1
DA:41,1
DA:42,0
DA:45,1
DA:46,1
DA:49,1
DA:50,1
DA:53,0
DA:61,0
DA:65,1
LF:24
LH:20
BRDA:11,0,0,0
BRDA:11,0,1,1
BRDA:13,1,0,1
BRDA:13,1,1,0
BRDA:14,2,0,1
BRDA:14,2,1,0
BRDA:38,3,0,0
BRDA:38,3,1,1
BRDA:41,4,0,0
BRDA:41,4,1,1
BRDA:49,5,0,1
BRDA:49,5,1,0
BRF:12
BRH:6
end_of_record
TN:
SF:src/controllers/statsController.js
FN:13,getSummary
FNF:1
FNH:0
FNDA:0,getSummary
DA:7,1
DA:14,0
DA:15,0
DA:16,0
DA:19,0
DA:23,1
LF:6
LH:2
BRF:0
BRH:0
end_of_record
TN:
SF:src/controllers/systemController.js
FN:4,getSecurityLogs
FN:25,(anonymous_1)
FNF:2
FNH:2
FNDA:1,getSecurityLogs
FNDA:424,(anonymous_1)
DA:1,1
DA:2,1
DA:5,1
DA:6,1
DA:7,1
DA:8,0
DA:11,1
DA:12,1
DA:15,1
DA:16,1
DA:17,100
DA:18,100
DA:25,424
DA:27,1
DA:29,0
DA:33,1
LF:16
LH:14
BRDA:7,0,0,0
BRDA:7,0,1,1
BRDA:25,1,0,424
BRDA:25,1,1,0
BRDA:25,2,0,424
BRDA:25,2,1,0
BRF:6
BRH:3
end_of_record
TN:
SF:src/controllers/ticketController.js
FN:15,listTickets
FN:46,getTicket
FN:77,createTicket
FN:116,updateTicket
FN:180,deleteTicket
FNF:5
FNH:0
FNDA:0,listTickets
FNDA:0,getTicket
FNDA:0,createTicket
FNDA:0,updateTicket
FNDA:0,deleteTicket
DA:8,1
DA:9,1
DA:16,0
DA:17,0
DA:18,0
DA:19,0
DA:22,0
DA:34,0
DA:35,0
DA:38,0
DA:47,0
DA:48,0
DA:50,0
DA:51,0
DA:57,0
DA:59,0
DA:60,0
DA:66,0
DA:69,0
DA:78,0
DA:79,0
DA:80,0
DA:81,0
DA:84,0
DA:87,0
DA:88,0
DA:94,0
DA:103,0
DA:105,0
DA:108,0
DA:117,0
DA:118,0
DA:120,0
DA:121,0
DA:127,0
DA:128,0
DA:129,0
DA:132,0
DA:133,0
DA:135,0
DA:136,0
DA:137,0
DA:141,0
DA:142,0
DA:149,0
DA:151,0
DA:152,0
DA:159,0
DA:162,0
DA:168,0
DA:181,0
DA:182,0
DA:184,0
DA:185,0
DA:192,0
DA:194,0
DA:195,0
DA:201,0
DA:207,0
DA:211,1
LF:60
LH:3
BRDA:18,0,0,0
BRDA:18,0,1,0
BRDA:50,1,0,0
BRDA:50,1,1,0
BRDA:50,2,0,0
BRDA:50,2,1,0
BRDA:59,3,0,0
BRDA:59,3,1,0
BRDA:80,4,0,0
BRDA:80,4,1,0
BRDA:87,5,0,0
BRDA:87,5,1,0
BRDA:87,6,0,0
BRDA:87,6,1,0
BRDA:96,7,0,0
BRDA:96,7,1,0
BRDA:97,8,0,0
BRDA:97,8,1,0
BRDA:98,9,0,0
BRDA:98,9,1,0
BRDA:99,10,0,0
BRDA:99,10,1,0
BRDA:100,11,0,0
BRDA:100,11,1,0
BRDA:120,12,0,0
BRDA:120,12,1,0
BRDA:120,13,0,0
BRDA:120,13,1,0
BRDA:128,14,0,0
BRDA:128,14,1,0
BRDA:136,15,0,0
BRDA:136,15,1,0
BRDA:141,16,0,0
BRDA:141,16,1,0
BRDA:151,17,0,0
BRDA:151,17,1,0
BRDA:184,18,0,0
BRDA:184,18,1,0
BRDA:184,19,0,0
BRDA:184,19,1,0
BRDA:194,20,0,0
BRDA:194,20,1,0
BRF:42
BRH:0
end_of_record
TN:
SF:src/middleware/loginRateLimiter.js
FN:19,getClientIp
FN:28,_getState
FN:33,guard
FN:73,recordFailure
FN:79,(anonymous_4)
FN:101,recordSuccess
FNF:6
FNH:4
FNDA:12,getClientIp
FNDA:4,_getState
FNDA:4,guard
FNDA:0,recordFailure
FNDA:0,(anonymous_4)
FNDA:4,recordSuccess
DA:10,1
DA:12,1
DA:13,1
DA:14,1
DA:17,1
DA:21,12
DA:22,12
DA:23,0
DA:25,12
DA:29,4
DA:30,4
DA:34,4
DA:35,4
DA:36,4
DA:38,4
DA:39,0
DA:42,0
DA:43,0
DA:47,0
DA:48,0
DA:50,0
DA:54,0
DA:56,0
DA:62,0
DA:70,4
DA:74,0
DA:75,0
DA:76,0
DA:79,0
DA:80,0
DA:82,0
DA:84,0
DA:85,0
DA:87,0
DA:89,0
DA:95,0
DA:98,0
DA:102,4
DA:103,4
DA:104,4
DA:107,1
LF:41
LH:19
BRDA:12,0,0,1
BRDA:12,0,1,1
BRDA:13,1,0,1
BRDA:13,1,1,1
BRDA:14,2,0,1
BRDA:14,2,1,1
BRDA:22,3,0,0
BRDA:22,3,1,12
BRDA:22,4,0,12
BRDA:22,4,1,0
BRDA:25,5,0,12
BRDA:25,5,1,0
BRDA:25,6,0,12
BRDA:25,6,1,0
BRDA:29,7,0,4
BRDA:29,7,1,0
BRDA:38,8,0,0
BRDA:38,8,1,4
BRDA:38,9,0,4
BRDA:38,9,1,0
BRDA:47,10,0,0
BRDA:47,10,1,0
BRDA:73,11,0,0
BRDA:84,12,0,0
BRDA:84,12,1,0
BRDA:101,13,0,0
BRF:26
BRH:13
end_of_record
TN:
SF:src/middleware/requireAuth.js
FN:10,requireAuth
FNF:1
FNH:1
FNDA:4,requireAuth
DA:7,1
DA:8,1
DA:11,4
DA:12,4
DA:13,4
DA:14,4
DA:15,0
DA:18,4
DA:19,4
DA:20,0
DA:23,4
DA:24,4
DA:25,0
DA:28,4
DA:29,4
DA:30,0
DA:31,0
DA:34,4
DA:40,4
DA:42,0
DA:46,1
LF:21
LH:15
BRDA:12,0,0,4
BRDA:12,0,1,0
BRDA:14,1,0,0
BRDA:14,1,1,4
BRDA:19,2,0,0
BRDA:19,2,1,4
BRDA:24,3,0,0
BRDA:24,3,1,4
BRDA:29,4,0,0
BRDA:29,4,1,4
BRF:10
BRH:5
end_of_record
TN:
SF:src/middleware/requireRole.js
FN:9,requireRole
FN:10,requireRoleMiddleware
FNF:2
FNH:2
FNDA:1,requireRole
FNDA:2,requireRoleMiddleware
DA:10,1
DA:11,2
DA:12,2
DA:13,0
DA:16,2
DA:17,1
DA:20,1
DA:24,1
LF:8
LH:7
BRDA:11,0,0,2
BRDA:11,0,1,2
BRDA:12,1,0,0
BRDA:12,1,1,2
BRDA:16,2,0,1
BRDA:16,2,1,1
BRF:6
BRH:5
end_of_record
TN:
SF:src/models/secretModel.js
FN:7,createSecret
FN:16,getSecretById
FN:24,getSecretByIdForOwner
FNF:3
FNH:3
FNDA:1,createSecret
FNDA:1,getSecretById
FNDA:1,getSecretByIdForOwner
DA:5,1
DA:8,1
DA:9,1
DA:13,1
DA:17,1
DA:18,1
DA:25,1
DA:26,1
DA:34,1
LF:9
LH:9
BRF:0
BRH:0
end_of_record
TN:
SF:src/models/sessionModel.js
FN:12,generateToken
FN:17,createSession
FN:30,getSessionByToken
FN:48,deleteSession
FNF:4
FNH:3
FNDA:4,generateToken
FNDA:4,createSession
FNDA:4,getSessionByToken
FNDA:0,deleteSession
DA:7,1
DA:8,1
DA:10,1
DA:14,4
DA:18,4
DA:19,4
DA:20,4
DA:22,4
DA:27,4
DA:31,4
DA:32,4
DA:36,4
DA:38,4
DA:39,4
DA:40,4
DA:41,0
DA:42,0
DA:45,4
DA:49,0
DA:50,0
DA:53,1
LF:21
LH:17
BRDA:10,0,0,1
BRDA:10,0,1,1
BRDA:17,1,0,0
BRDA:17,2,0,0
BRDA:17,3,0,0
BRDA:36,4,0,0
BRDA:36,4,1,4
BRDA:40,5,0,0
BRDA:40,5,1,4
BRDA:40,6,0,4
BRDA:40,6,1,4
BRF:11
BRH:6
end_of_record
TN:
SF:src/models/ticketModel.js
FN:15,getAllTickets
FN:92,(anonymous_1)
FN:107,getTicketById
FN:118,createTicket
FN:144,updateTicket
FN:198,deleteTicket
FN:217,getTicketStats
FN:236,priorityLabel
FN:264,(anonymous_8)
FN:277,(anonymous_9)
FN:283,(anonymous_10)
FN:288,(anonymous_11)
FN:294,(anonymous_12)
FN:306,formatTicket
FNF:14
FNH:0
FNDA:0,getAllTickets
FNDA:0,(anonymous_1)
FNDA:0,getTicketById
FNDA:0,createTicket
FNDA:0,updateTicket
FNDA:0,deleteTicket
FNDA:0,getTicketStats
FNDA:0,priorityLabel
FNDA:0,(anonymous_8)
FNDA:0,(anonymous_9)
FNDA:0,(anonymous_10)
FNDA:0,(anonymous_11)
FNDA:0,(anonymous_12)
FNDA:0,formatTicket
DA:8,1
DA:16,0
DA:18,0
DA:19,0
DA:22,0
DA:23,0
DA:24,0
DA:28,0
DA:29,0
DA:30,0
DA:34,0
DA:35,0
DA:36,0
DA:40,0
DA:41,0
DA:42,0
DA:46,0
DA:47,0
DA:48,0
DA:52,0
DA:53,0
DA:54,0
DA:56,0
DA:57,0
DA:61,0
DA:62,0
DA:63,0
DA:64,0
DA:66,0
DA:69,0
DA:70,0
DA:72,0
DA:73,0
DA:74,0
DA:76,0
DA:77,0
DA:78,0
DA:80,0
DA:81,0
DA:82,0
DA:84,0
DA:85,0
DA:86,0
DA:89,0
DA:91,0
DA:92,0
DA:108,0
DA:109,0
DA:110,0
DA:119,0
DA:121,0
DA:124,0
DA:129,0
DA:132,0
DA:133,0
DA:135,0
DA:145,0
DA:148,0
DA:149,0
DA:150,0
DA:154,0
DA:155,0
DA:156,0
DA:158,0
DA:159,0
DA:160,0
DA:161,0
DA:165,0
DA:166,0
DA:169,0
DA:170,0
DA:172,0
DA:178,0
DA:179,0
DA:180,0
DA:187,0
DA:188,0
DA:190,0
DA:199,0
DA:202,0
DA:203,0
DA:204,0
DA:207,0
DA:208,0
DA:210,0
DA:218,0
DA:220,0
DA:221,0
DA:223,0
DA:229,0
DA:237,0
DA:238,0
DA:239,0
DA:240,0
DA:241,0
DA:242,0
DA:245,0
DA:253,0
DA:254,0
DA:255,0
DA:259,0
DA:260,0
DA:263,0
DA:264,0
DA:267,0
DA:273,0
DA:277,0
DA:283,0
DA:288,0
DA:294,0
DA:307,0
DA:322,0
DA:323,0
DA:326,0
DA:327,0
DA:330,0
DA:333,1
LF:117
LH:2
BRDA:15,0,0,0
BRDA:22,1,0,0
BRDA:22,1,1,0
BRDA:28,2,0,0
BRDA:28,2,1,0
BRDA:34,3,0,0
BRDA:34,3,1,0
BRDA:40,4,0,0
BRDA:40,4,1,0
BRDA:46,5,0,0
BRDA:46,5,1,0
BRDA:52,6,0,0
BRDA:52,6,1,0
BRDA:53,7,0,0
BRDA:53,7,1,0
BRDA:56,8,0,0
BRDA:56,8,1,0
BRDA:61,9,0,0
BRDA:61,9,1,0
BRDA:62,10,0,0
BRDA:62,10,1,0
BRDA:72,11,0,0
BRDA:72,11,1,0
BRDA:76,12,0,0
BRDA:76,12,1,0
BRDA:80,13,0,0
BRDA:80,13,1,0
BRDA:84,14,0,0
BRDA:84,14,1,0
BRDA:110,15,0,0
BRDA:110,15,1,0
BRDA:127,16,0,0
BRDA:127,16,1,0
BRDA:127,17,0,0
BRDA:127,17,1,0
BRDA:127,18,0,0
BRDA:127,18,1,0
BRDA:127,19,0,0
BRDA:127,19,1,0
BRDA:127,20,0,0
BRDA:127,20,1,0
BRDA:127,21,0,0
BRDA:127,21,1,0
BRDA:149,22,0,0
BRDA:149,22,1,0
BRDA:159,23,0,0
BRDA:159,23,1,0
BRDA:159,24,0,0
BRDA:159,24,1,0
BRDA:165,25,0,0
BRDA:165,25,1,0
BRDA:178,26,0,0
BRDA:178,26,1,0
BRDA:179,27,0,0
BRDA:179,27,1,0
BRDA:179,28,0,0
BRDA:179,28,1,0
BRDA:203,29,0,0
BRDA:203,29,1,0
BRDA:221,30,0,0
BRDA:221,30,1,0
BRDA:238,31,0,0
BRDA:238,31,1,0
BRDA:239,32,0,0
BRDA:239,32,1,0
BRDA:240,33,0,0
BRDA:240,33,1,0
BRDA:241,34,0,0
BRDA:241,34,1,0
BRDA:255,35,0,0
BRDA:255,35,1,0
BRDA:259,36,0,0
BRDA:259,36,1,0
BRDA:283,37,0,0
BRDA:283,37,1,0
BRDA:294,38,0,0
BRDA:294,38,1,0
BRDA:322,39,0,0
BRDA:322,39,1,0
BRDA:326,40,0,0
BRDA:326,40,1,0
BRDA:326,41,0,0
BRDA:326,41,1,0
BRF:83
BRH:0
end_of_record
TN:
SF:src/models/userModel.js
FN:7,createUser
FN:16,getUserByEmail
FN:21,getUserById
FN:26,setUserRole
FNF:4
FNH:4
FNDA:4,createUser
FNDA:9,getUserByEmail
FNDA:9,getUserById
FNDA:1,setUserRole
DA:5,1
DA:8,4
DA:9,4
DA:13,4
DA:17,9
DA:18,9
DA:22,9
DA:23,9
DA:27,1
DA:28,1
DA:29,1
DA:32,1
LF:12
LH:12
BRF:0
BRH:0
end_of_record
TN:
SF:src/routes/authRoutes.js
FNF:0
FNH:0
DA:5,1
DA:6,1
DA:7,1
DA:8,1
DA:9,1
DA:11,1
DA:13,1
DA:22,1
DA:32,1
DA:33,1
DA:35,1
LF:11
LH:11
BRF:0
BRH:0
end_of_record
TN:
SF:src/routes/healthRoutes.js
FNF:0
FNH:0
DA:7,1
DA:8,1
DA:9,1
DA:15,1
DA:17,1
LF:5
LH:5
BRF:0
BRH:0
end_of_record
TN:
SF:src/routes/secretRoutes.js
FNF:0
FNH:0
DA:1,1
DA:2,1
DA:3,1
DA:5,1
DA:8,1
DA:14,1
DA:18,1
LF:7
LH:7
BRF:0
BRH:0
end_of_record
TN:
SF:src/routes/statsRoutes.js
FNF:0
FNH:0
DA:7,1
DA:8,1
DA:9,1
DA:22,1
DA:24,1
LF:5
LH:5
BRF:0
BRH:0
end_of_record
TN:
SF:src/routes/systemRoutes.js
FNF:0
FNH:0
DA:1,1
DA:2,1
DA:4,1
DA:7,1
DA:9,1
LF:5
LH:5
BRF:0
BRH:0
end_of_record
TN:
SF:src/routes/ticketRoutes.js
FNF:0
FNH:0
DA:8,1
DA:9,1
DA:10,1
DA:11,1
DA:28,1
DA:42,1
DA:53,1
DA:69,1
DA:87,1
DA:94,1
LF:10
LH:10
BRF:0
BRH:0
end_of_record
TN:
SF:src/services/seedTickets.js
FN:9,pickRandom
FN:13,randomDate
FN:17,randomDays
FN:21,seedTicketsIfEmpty
FNF:4
FNH:4
FNDA:600,pickRandom
FNDA:100,randomDate
FNDA:72,randomDays
FNDA:1,seedTicketsIfEmpty
DA:7,1
DA:10,600
DA:14,100
DA:18,72
DA:22,1
DA:23,1
DA:25,1
DA:26,0
DA:29,1
DA:31,1
DA:32,1
DA:33,1
DA:34,1
DA:35,1
DA:36,1
DA:38,1
DA:39,1
DA:41,1
DA:42,1
DA:43,100
DA:44,100
DA:45,100
DA:46,100
DA:48,100
DA:49,36
DA:50,36
DA:53,100
DA:55,100
DA:74,100
DA:77,1
DA:78,1
DA:81,0
DA:82,0
DA:83,0
DA:87,1
LF:35
LH:31
BRDA:21,0,0,1
BRDA:25,1,0,0
BRDA:25,1,1,1
BRDA:48,2,0,36
BRDA:48,2,1,64
BRDA:53,3,0,100
BRDA:53,3,1,64
BRDA:53,3,2,64
BRDA:68,4,0,36
BRDA:68,4,1,64
BRDA:69,5,0,36
BRDA:69,5,1,64
BRF:12
BRH:11
end_of_record
TN:
SF:src/utils/logger.js
FN:8,(anonymous_0)
FN:18,(anonymous_1)
FN:28,(anonymous_2)
FN:38,(anonymous_3)
FNF:4
FNH:1
FNDA:14,(anonymous_0)
FNDA:0,(anonymous_1)
FNDA:0,(anonymous_2)
FNDA:0,(anonymous_3)
DA:7,1
DA:9,14
DA:10,14
DA:19,0
DA:20,0
DA:29,0
DA:30,0
DA:39,0
DA:40,0
DA:41,0
DA:51,1
LF:11
LH:4
BRDA:8,0,0,14
BRDA:18,1,0,0
BRDA:28,2,0,0
BRDA:38,3,0,0
BRDA:39,4,0,0
BRDA:39,4,1,0
BRF:6
BRH:1
end_of_record
TN:
SF:src/utils/password.js
FN:11,isStrongPassword
FN:20,hashPassword
FN:27,verifyPassword
FN:32,looksLikeHash
FNF:4
FNH:3
FNDA:4,isStrongPassword
FNDA:4,hashPassword
FNDA:4,verifyPassword
FNDA:0,looksLikeHash
DA:7,1
DA:9,1
DA:12,4
DA:14,4
DA:15,4
DA:16,4
DA:17,4
DA:21,4
DA:22,0
DA:24,4
DA:28,4
DA:29,4
DA:33,0
DA:36,1
LF:14
LH:12
BRDA:9,0,0,1
BRDA:9,0,1,1
BRDA:12,1,0,0
BRDA:12,1,1,4
BRDA:17,2,0,4
BRDA:17,2,1,4
BRDA:17,2,2,4
BRDA:21,3,0,0
BRDA:21,3,1,4
BRDA:21,4,0,4
BRDA:21,4,1,4
BRDA:28,5,0,0
BRDA:28,5,1,4
BRDA:28,6,0,4
BRDA:28,6,1,4
BRDA:33,7,0,0
BRDA:33,7,1,0
BRDA:33,7,2,0
BRDA:33,7,3,0
BRF:19
BRH:12
end_of_record
TN:
SF:src/utils/securityLog.js
FN:12,writeSecurityLog
FNF:1
FNH:1
FNDA:4,writeSecurityLog
DA:7,1
DA:8,1
DA:10,1
DA:13,4
DA:14,4
DA:15,4
DA:20,4
DA:26,1
LF:8
LH:8
BRDA:12,0,0,0
BRF:1
BRH:0
end_of_record
